{"/Users/sisyphus/zhengbi-yong.github.io/frontend/src/app/(admin)/admin/page.tsx": {"path":"/Users/sisyphus/zhengbi-yong.github.io/frontend/src/app/(admin)/admin/page.tsx","statementMap":{"0":{"start":{"line":13,"column":15},"end":{"line":13,"column":null}},"1":{"start":{"line":16,"column":8},"end":{"line":18,"column":null}},"2":{"start":{"line":20,"column":16},"end":{"line":20,"column":null}},"3":{"start":{"line":21,"column":17},"end":{"line":21,"column":null}},"4":{"start":{"line":22,"column":15},"end":{"line":22,"column":null}},"5":{"start":{"line":23,"column":20},"end":{"line":23,"column":null}},"6":{"start":{"line":24,"column":16},"end":{"line":24,"column":null}},"7":{"start":{"line":26,"column":16},"end":{"line":26,"column":null}},"8":{"start":{"line":29,"column":2},"end":{"line":38,"column":null}},"9":{"start":{"line":30,"column":4},"end":{"line":36,"column":null}},"10":{"start":{"line":40,"column":2},"end":{"line":51,"column":null}},"11":{"start":{"line":41,"column":4},"end":{"line":49,"column":null}},"12":{"start":{"line":53,"column":2},"end":{"line":55,"column":null}},"13":{"start":{"line":54,"column":4},"end":{"line":54,"column":null}},"14":{"start":{"line":57,"column":2},"end":{"line":159,"column":null}}},"fnMap":{"0":{"name":"AdminDashboard","decl":{"start":{"line":12,"column":24},"end":{"line":12,"column":41}},"loc":{"start":{"line":12,"column":41},"end":{"line":161,"column":null}},"line":12}},"branchMap":{"0":{"loc":{"start":{"line":24,"column":16},"end":{"line":24,"column":null}},"type":"cond-expr","locations":[{"start":{"line":24,"column":33},"end":{"line":24,"column":47}},{"start":{"line":24,"column":47},"end":{"line":24,"column":null}}],"line":24},"1":{"loc":{"start":{"line":29,"column":2},"end":{"line":38,"column":null}},"type":"if","locations":[{"start":{"line":29,"column":2},"end":{"line":38,"column":null}},{"start":{},"end":{}}],"line":29},"2":{"loc":{"start":{"line":40,"column":2},"end":{"line":51,"column":null}},"type":"if","locations":[{"start":{"line":40,"column":2},"end":{"line":51,"column":null}},{"start":{},"end":{}}],"line":40},"3":{"loc":{"start":{"line":47,"column":11},"end":{"line":47,"column":null}},"type":"cond-expr","locations":[{"start":{"line":47,"column":36},"end":{"line":47,"column":52}},{"start":{"line":47,"column":52},"end":{"line":47,"column":null}}],"line":47},"4":{"loc":{"start":{"line":53,"column":2},"end":{"line":55,"column":null}},"type":"if","locations":[{"start":{"line":53,"column":2},"end":{"line":55,"column":null}},{"start":{},"end":{}}],"line":53},"5":{"loc":{"start":{"line":63,"column":16},"end":{"line":63,"column":null}},"type":"binary-expr","locations":[{"start":{"line":63,"column":16},"end":{"line":63,"column":34}},{"start":{"line":63,"column":34},"end":{"line":63,"column":null}}],"line":63}},"s":{"0":5,"1":5,"2":5,"3":5,"4":5,"5":5,"6":5,"7":5,"8":5,"9":1,"10":4,"11":1,"12":3,"13":0,"14":3},"f":{"0":5},"b":{"0":[1,4],"1":[1,4],"2":[1,3],"3":[1,0],"4":[0,3],"5":[3,0]},"meta":{"lastBranch":6,"lastFunction":1,"lastStatement":15,"seen":{"f:12:24:12:41":0,"s:13:15:13:Infinity":0,"s:16:8:18:Infinity":1,"s:20:16:20:Infinity":2,"s:21:17:21:Infinity":3,"s:22:15:22:Infinity":4,"s:23:20:23:Infinity":5,"s:24:16:24:Infinity":6,"b:24:33:24:47:24:47:24:Infinity":0,"s:26:16:26:Infinity":7,"b:29:2:38:Infinity:undefined:undefined:undefined:undefined":1,"s:29:2:38:Infinity":8,"s:30:4:36:Infinity":9,"b:40:2:51:Infinity:undefined:undefined:undefined:undefined":2,"s:40:2:51:Infinity":10,"s:41:4:49:Infinity":11,"b:47:36:47:52:47:52:47:Infinity":3,"b:53:2:55:Infinity:undefined:undefined:undefined:undefined":4,"s:53:2:55:Infinity":12,"s:54:4:54:Infinity":13,"s:57:2:159:Infinity":14,"b:63:16:63:34:63:34:63:Infinity":5}}}
,"/Users/sisyphus/zhengbi-yong.github.io/frontend/src/app/(admin)/admin/comments/page.tsx": {"path":"/Users/sisyphus/zhengbi-yong.github.io/frontend/src/app/(admin)/admin/comments/page.tsx","statementMap":{"0":{"start":{"line":16,"column":22},"end":{"line":16,"column":null}},"1":{"start":{"line":17,"column":17},"end":{"line":17,"column":null}},"2":{"start":{"line":18,"column":46},"end":{"line":18,"column":null}},"3":{"start":{"line":19,"column":38},"end":{"line":19,"column":null}},"4":{"start":{"line":20,"column":36},"end":{"line":20,"column":null}},"5":{"start":{"line":23,"column":8},"end":{"line":30,"column":null}},"6":{"start":{"line":32,"column":16},"end":{"line":32,"column":null}},"7":{"start":{"line":33,"column":17},"end":{"line":33,"column":null}},"8":{"start":{"line":34,"column":15},"end":{"line":34,"column":null}},"9":{"start":{"line":35,"column":16},"end":{"line":35,"column":null}},"10":{"start":{"line":36,"column":20},"end":{"line":36,"column":null}},"11":{"start":{"line":37,"column":16},"end":{"line":37,"column":null}},"12":{"start":{"line":39,"column":8},"end":{"line":39,"column":null}},"13":{"start":{"line":40,"column":8},"end":{"line":40,"column":null}},"14":{"start":{"line":41,"column":8},"end":{"line":41,"column":null}},"15":{"start":{"line":43,"column":19},"end":{"line":43,"column":null}},"16":{"start":{"line":44,"column":21},"end":{"line":44,"column":null}},"17":{"start":{"line":47,"column":27},"end":{"line":54,"column":null}},"18":{"start":{"line":49,"column":6},"end":{"line":52,"column":null}},"19":{"start":{"line":53,"column":4},"end":{"line":53,"column":null}},"20":{"start":{"line":56,"column":47},"end":{"line":61,"column":null}},"21":{"start":{"line":63,"column":47},"end":{"line":68,"column":null}},"22":{"start":{"line":70,"column":29},"end":{"line":84,"column":null}},"23":{"start":{"line":71,"column":4},"end":{"line":83,"column":null}},"24":{"start":{"line":72,"column":6},"end":{"line":76,"column":null}},"25":{"start":{"line":78,"column":6},"end":{"line":78,"column":null}},"26":{"start":{"line":81,"column":6},"end":{"line":81,"column":null}},"27":{"start":{"line":82,"column":6},"end":{"line":82,"column":null}},"28":{"start":{"line":86,"column":30},"end":{"line":103,"column":null}},"29":{"start":{"line":87,"column":4},"end":{"line":89,"column":null}},"30":{"start":{"line":88,"column":6},"end":{"line":88,"column":null}},"31":{"start":{"line":91,"column":4},"end":{"line":102,"column":null}},"32":{"start":{"line":92,"column":6},"end":{"line":95,"column":null}},"33":{"start":{"line":97,"column":6},"end":{"line":97,"column":null}},"34":{"start":{"line":100,"column":6},"end":{"line":100,"column":null}},"35":{"start":{"line":101,"column":6},"end":{"line":101,"column":null}},"36":{"start":{"line":105,"column":34},"end":{"line":138,"column":null}},"37":{"start":{"line":106,"column":4},"end":{"line":106,"column":null}},"38":{"start":{"line":106,"column":37},"end":{"line":106,"column":null}},"39":{"start":{"line":107,"column":4},"end":{"line":109,"column":null}},"40":{"start":{"line":108,"column":6},"end":{"line":108,"column":null}},"41":{"start":{"line":111,"column":4},"end":{"line":137,"column":null}},"42":{"start":{"line":114,"column":6},"end":{"line":125,"column":null}},"43":{"start":{"line":116,"column":10},"end":{"line":123,"column":null}},"44":{"start":{"line":127,"column":6},"end":{"line":127,"column":null}},"45":{"start":{"line":128,"column":6},"end":{"line":128,"column":null}},"46":{"start":{"line":130,"column":6},"end":{"line":133,"column":null}},"47":{"start":{"line":135,"column":6},"end":{"line":135,"column":null}},"48":{"start":{"line":136,"column":6},"end":{"line":136,"column":null}},"49":{"start":{"line":140,"column":28},"end":{"line":172,"column":null}},"50":{"start":{"line":141,"column":4},"end":{"line":141,"column":null}},"51":{"start":{"line":141,"column":37},"end":{"line":141,"column":null}},"52":{"start":{"line":142,"column":4},"end":{"line":144,"column":null}},"53":{"start":{"line":143,"column":6},"end":{"line":143,"column":null}},"54":{"start":{"line":146,"column":4},"end":{"line":171,"column":null}},"55":{"start":{"line":149,"column":6},"end":{"line":159,"column":null}},"56":{"start":{"line":151,"column":10},"end":{"line":157,"column":null}},"57":{"start":{"line":161,"column":6},"end":{"line":161,"column":null}},"58":{"start":{"line":162,"column":6},"end":{"line":162,"column":null}},"59":{"start":{"line":164,"column":6},"end":{"line":167,"column":null}},"60":{"start":{"line":169,"column":6},"end":{"line":169,"column":null}},"61":{"start":{"line":170,"column":6},"end":{"line":170,"column":null}},"62":{"start":{"line":174,"column":33},"end":{"line":182,"column":null}},"63":{"start":{"line":175,"column":24},"end":{"line":175,"column":null}},"64":{"start":{"line":176,"column":4},"end":{"line":180,"column":null}},"65":{"start":{"line":177,"column":6},"end":{"line":177,"column":null}},"66":{"start":{"line":179,"column":6},"end":{"line":179,"column":null}},"67":{"start":{"line":181,"column":4},"end":{"line":181,"column":null}},"68":{"start":{"line":184,"column":26},"end":{"line":190,"column":null}},"69":{"start":{"line":185,"column":4},"end":{"line":189,"column":null}},"70":{"start":{"line":186,"column":6},"end":{"line":186,"column":null}},"71":{"start":{"line":188,"column":6},"end":{"line":188,"column":null}},"72":{"start":{"line":188,"column":62},"end":{"line":188,"column":74}},"73":{"start":{"line":192,"column":2},"end":{"line":198,"column":null}},"74":{"start":{"line":193,"column":4},"end":{"line":196,"column":null}},"75":{"start":{"line":200,"column":2},"end":{"line":206,"column":null}},"76":{"start":{"line":201,"column":4},"end":{"line":204,"column":null}},"77":{"start":{"line":208,"column":2},"end":{"line":463,"column":null}},"78":{"start":{"line":230,"column":31},"end":{"line":230,"column":null}},"79":{"start":{"line":241,"column":16},"end":{"line":241,"column":null}},"80":{"start":{"line":242,"column":16},"end":{"line":242,"column":null}},"81":{"start":{"line":264,"column":18},"end":{"line":267,"column":null}},"82":{"start":{"line":265,"column":20},"end":{"line":265,"column":null}},"83":{"start":{"line":266,"column":20},"end":{"line":266,"column":null}},"84":{"start":{"line":331,"column":18},"end":{"line":392,"column":null}},"85":{"start":{"line":339,"column":40},"end":{"line":339,"column":null}},"86":{"start":{"line":374,"column":43},"end":{"line":374,"column":null}},"87":{"start":{"line":384,"column":41},"end":{"line":384,"column":null}},"88":{"start":{"line":405,"column":33},"end":{"line":405,"column":null}},"89":{"start":{"line":412,"column":33},"end":{"line":412,"column":null}},"90":{"start":{"line":430,"column":37},"end":{"line":430,"column":null}},"91":{"start":{"line":436,"column":66},"end":{"line":436,"column":71}},"92":{"start":{"line":437,"column":22},"end":{"line":447,"column":null}},"93":{"start":{"line":439,"column":39},"end":{"line":439,"column":null}},"94":{"start":{"line":450,"column":37},"end":{"line":450,"column":null}}},"fnMap":{"0":{"name":"CommentManagementPage","decl":{"start":{"line":15,"column":24},"end":{"line":15,"column":48}},"loc":{"start":{"line":15,"column":48},"end":{"line":465,"column":null}},"line":15},"1":{"name":"(anonymous_1)","decl":{"start":{"line":47,"column":43},"end":{"line":47,"column":44}},"loc":{"start":{"line":47,"column":56},"end":{"line":54,"column":3}},"line":47},"2":{"name":"(anonymous_2)","decl":{"start":{"line":70,"column":29},"end":{"line":70,"column":36}},"loc":{"start":{"line":70,"column":77},"end":{"line":84,"column":null}},"line":70},"3":{"name":"(anonymous_3)","decl":{"start":{"line":86,"column":30},"end":{"line":86,"column":37}},"loc":{"start":{"line":86,"column":59},"end":{"line":103,"column":null}},"line":86},"4":{"name":"(anonymous_4)","decl":{"start":{"line":105,"column":34},"end":{"line":105,"column":41}},"loc":{"start":{"line":105,"column":60},"end":{"line":138,"column":null}},"line":105},"5":{"name":"(anonymous_5)","decl":{"start":{"line":115,"column":41},"end":{"line":115,"column":42}},"loc":{"start":{"line":116,"column":10},"end":{"line":123,"column":null}},"line":116},"6":{"name":"(anonymous_6)","decl":{"start":{"line":140,"column":28},"end":{"line":140,"column":40}},"loc":{"start":{"line":140,"column":40},"end":{"line":172,"column":null}},"line":140},"7":{"name":"(anonymous_7)","decl":{"start":{"line":150,"column":41},"end":{"line":150,"column":42}},"loc":{"start":{"line":151,"column":10},"end":{"line":157,"column":null}},"line":151},"8":{"name":"(anonymous_8)","decl":{"start":{"line":174,"column":33},"end":{"line":174,"column":34}},"loc":{"start":{"line":174,"column":56},"end":{"line":182,"column":null}},"line":174},"9":{"name":"(anonymous_9)","decl":{"start":{"line":184,"column":26},"end":{"line":184,"column":32}},"loc":{"start":{"line":184,"column":32},"end":{"line":190,"column":null}},"line":184},"10":{"name":"(anonymous_10)","decl":{"start":{"line":188,"column":55},"end":{"line":188,"column":56}},"loc":{"start":{"line":188,"column":62},"end":{"line":188,"column":74}},"line":188},"11":{"name":"(anonymous_11)","decl":{"start":{"line":230,"column":24},"end":{"line":230,"column":25}},"loc":{"start":{"line":230,"column":31},"end":{"line":230,"column":null}},"line":230},"12":{"name":"(anonymous_12)","decl":{"start":{"line":240,"column":24},"end":{"line":240,"column":25}},"loc":{"start":{"line":240,"column":31},"end":{"line":243,"column":null}},"line":240},"13":{"name":"(anonymous_13)","decl":{"start":{"line":263,"column":26},"end":{"line":263,"column":27}},"loc":{"start":{"line":263,"column":33},"end":{"line":268,"column":null}},"line":263},"14":{"name":"(anonymous_14)","decl":{"start":{"line":330,"column":37},"end":{"line":330,"column":38}},"loc":{"start":{"line":331,"column":18},"end":{"line":392,"column":null}},"line":331},"15":{"name":"(anonymous_15)","decl":{"start":{"line":339,"column":34},"end":{"line":339,"column":40}},"loc":{"start":{"line":339,"column":40},"end":{"line":339,"column":null}},"line":339},"16":{"name":"(anonymous_16)","decl":{"start":{"line":374,"column":36},"end":{"line":374,"column":37}},"loc":{"start":{"line":374,"column":43},"end":{"line":374,"column":null}},"line":374},"17":{"name":"(anonymous_17)","decl":{"start":{"line":384,"column":35},"end":{"line":384,"column":41}},"loc":{"start":{"line":384,"column":41},"end":{"line":384,"column":null}},"line":384},"18":{"name":"(anonymous_18)","decl":{"start":{"line":405,"column":27},"end":{"line":405,"column":33}},"loc":{"start":{"line":405,"column":33},"end":{"line":405,"column":null}},"line":405},"19":{"name":"(anonymous_19)","decl":{"start":{"line":412,"column":27},"end":{"line":412,"column":33}},"loc":{"start":{"line":412,"column":33},"end":{"line":412,"column":null}},"line":412},"20":{"name":"(anonymous_20)","decl":{"start":{"line":430,"column":31},"end":{"line":430,"column":37}},"loc":{"start":{"line":430,"column":37},"end":{"line":430,"column":null}},"line":430},"21":{"name":"(anonymous_21)","decl":{"start":{"line":436,"column":56},"end":{"line":436,"column":57}},"loc":{"start":{"line":436,"column":66},"end":{"line":436,"column":71}},"line":436},"22":{"name":"(anonymous_22)","decl":{"start":{"line":436,"column":77},"end":{"line":436,"column":78}},"loc":{"start":{"line":437,"column":22},"end":{"line":447,"column":null}},"line":437},"23":{"name":"(anonymous_23)","decl":{"start":{"line":439,"column":33},"end":{"line":439,"column":39}},"loc":{"start":{"line":439,"column":39},"end":{"line":439,"column":null}},"line":439},"24":{"name":"(anonymous_24)","decl":{"start":{"line":450,"column":31},"end":{"line":450,"column":37}},"loc":{"start":{"line":450,"column":37},"end":{"line":450,"column":null}},"line":450}},"branchMap":{"0":{"loc":{"start":{"line":29,"column":13},"end":{"line":29,"column":null}},"type":"cond-expr","locations":[{"start":{"line":29,"column":38},"end":{"line":29,"column":99}},{"start":{"line":29,"column":99},"end":{"line":29,"column":null}}],"line":29},"1":{"loc":{"start":{"line":35,"column":16},"end":{"line":35,"column":null}},"type":"binary-expr","locations":[{"start":{"line":35,"column":16},"end":{"line":35,"column":33}},{"start":{"line":35,"column":33},"end":{"line":35,"column":null}}],"line":35},"2":{"loc":{"start":{"line":37,"column":16},"end":{"line":37,"column":null}},"type":"cond-expr","locations":[{"start":{"line":37,"column":33},"end":{"line":37,"column":47}},{"start":{"line":37,"column":47},"end":{"line":37,"column":null}}],"line":37},"3":{"loc":{"start":{"line":43,"column":19},"end":{"line":43,"column":null}},"type":"binary-expr","locations":[{"start":{"line":43,"column":19},"end":{"line":43,"column":27}},{"start":{"line":43,"column":27},"end":{"line":43,"column":null}}],"line":43},"4":{"loc":{"start":{"line":49,"column":6},"end":{"line":52,"column":null}},"type":"binary-expr","locations":[{"start":{"line":49,"column":6},"end":{"line":49,"column":null}},{"start":{"line":50,"column":6},"end":{"line":50,"column":null}},{"start":{"line":50,"column":70},"end":{"line":51,"column":null}},{"start":{"line":52,"column":6},"end":{"line":52,"column":null}}],"line":49},"5":{"loc":{"start":{"line":78,"column":26},"end":{"line":78,"column":62}},"type":"binary-expr","locations":[{"start":{"line":78,"column":26},"end":{"line":78,"column":53}},{"start":{"line":78,"column":53},"end":{"line":78,"column":62}}],"line":78},"6":{"loc":{"start":{"line":87,"column":4},"end":{"line":89,"column":null}},"type":"if","locations":[{"start":{"line":87,"column":4},"end":{"line":89,"column":null}},{"start":{},"end":{}}],"line":87},"7":{"loc":{"start":{"line":106,"column":4},"end":{"line":106,"column":null}},"type":"if","locations":[{"start":{"line":106,"column":4},"end":{"line":106,"column":null}},{"start":{},"end":{}}],"line":106},"8":{"loc":{"start":{"line":107,"column":4},"end":{"line":109,"column":null}},"type":"if","locations":[{"start":{"line":107,"column":4},"end":{"line":109,"column":null}},{"start":{},"end":{}}],"line":107},"9":{"loc":{"start":{"line":107,"column":63},"end":{"line":107,"column":93}},"type":"binary-expr","locations":[{"start":{"line":107,"column":63},"end":{"line":107,"column":87}},{"start":{"line":107,"column":87},"end":{"line":107,"column":93}}],"line":107},"10":{"loc":{"start":{"line":127,"column":54},"end":{"line":127,"column":84}},"type":"binary-expr","locations":[{"start":{"line":127,"column":54},"end":{"line":127,"column":78}},{"start":{"line":127,"column":78},"end":{"line":127,"column":84}}],"line":127},"11":{"loc":{"start":{"line":141,"column":4},"end":{"line":141,"column":null}},"type":"if","locations":[{"start":{"line":141,"column":4},"end":{"line":141,"column":null}},{"start":{},"end":{}}],"line":141},"12":{"loc":{"start":{"line":142,"column":4},"end":{"line":144,"column":null}},"type":"if","locations":[{"start":{"line":142,"column":4},"end":{"line":144,"column":null}},{"start":{},"end":{}}],"line":142},"13":{"loc":{"start":{"line":176,"column":4},"end":{"line":180,"column":null}},"type":"if","locations":[{"start":{"line":176,"column":4},"end":{"line":180,"column":null}},{"start":{"line":178,"column":11},"end":{"line":180,"column":null}}],"line":176},"14":{"loc":{"start":{"line":185,"column":4},"end":{"line":189,"column":null}},"type":"if","locations":[{"start":{"line":185,"column":4},"end":{"line":189,"column":null}},{"start":{"line":187,"column":11},"end":{"line":189,"column":null}}],"line":185},"15":{"loc":{"start":{"line":192,"column":2},"end":{"line":198,"column":null}},"type":"if","locations":[{"start":{"line":192,"column":2},"end":{"line":198,"column":null}},{"start":{},"end":{}}],"line":192},"16":{"loc":{"start":{"line":200,"column":2},"end":{"line":206,"column":null}},"type":"if","locations":[{"start":{"line":200,"column":2},"end":{"line":206,"column":null}},{"start":{},"end":{}}],"line":200},"17":{"loc":{"start":{"line":256,"column":9},"end":{"line":284,"column":null}},"type":"binary-expr","locations":[{"start":{"line":256,"column":9},"end":{"line":256,"column":null}},{"start":{"line":257,"column":10},"end":{"line":284,"column":null}}],"line":256},"18":{"loc":{"start":{"line":264,"column":18},"end":{"line":267,"column":null}},"type":"if","locations":[{"start":{"line":264,"column":18},"end":{"line":267,"column":null}},{"start":{},"end":{}}],"line":264},"19":{"loc":{"start":{"line":297,"column":29},"end":{"line":297,"column":null}},"type":"binary-expr","locations":[{"start":{"line":297,"column":29},"end":{"line":297,"column":82}},{"start":{"line":297,"column":82},"end":{"line":297,"column":null}}],"line":297},"20":{"loc":{"start":{"line":323,"column":15},"end":{"line":393,"column":null}},"type":"cond-expr","locations":[{"start":{"line":324,"column":16},"end":{"line":328,"column":null}},{"start":{"line":330,"column":16},"end":{"line":393,"column":null}}],"line":323},"21":{"loc":{"start":{"line":350,"column":25},"end":{"line":350,"column":null}},"type":"binary-expr","locations":[{"start":{"line":350,"column":25},"end":{"line":350,"column":45}},{"start":{"line":350,"column":45},"end":{"line":350,"column":null}}],"line":350},"22":{"loc":{"start":{"line":361,"column":26},"end":{"line":361,"column":null}},"type":"binary-expr","locations":[{"start":{"line":361,"column":26},"end":{"line":361,"column":58}},{"start":{"line":361,"column":58},"end":{"line":361,"column":null}}],"line":361},"23":{"loc":{"start":{"line":364,"column":25},"end":{"line":364,"column":null}},"type":"binary-expr","locations":[{"start":{"line":364,"column":25},"end":{"line":364,"column":57}},{"start":{"line":364,"column":57},"end":{"line":364,"column":null}}],"line":364},"24":{"loc":{"start":{"line":400,"column":9},"end":{"line":460,"column":null}},"type":"binary-expr","locations":[{"start":{"line":400,"column":9},"end":{"line":400,"column":null}},{"start":{"line":401,"column":10},"end":{"line":460,"column":null}}],"line":400},"25":{"loc":{"start":{"line":441,"column":26},"end":{"line":443,"column":null}},"type":"cond-expr","locations":[{"start":{"line":442,"column":30},"end":{"line":442,"column":null}},{"start":{"line":443,"column":30},"end":{"line":443,"column":null}}],"line":441}},"s":{"0":8,"1":8,"2":8,"3":8,"4":8,"5":8,"6":8,"7":8,"8":8,"9":8,"10":8,"11":8,"12":8,"13":8,"14":8,"15":8,"16":8,"17":8,"18":12,"19":12,"20":8,"21":8,"22":8,"23":1,"24":1,"25":1,"26":0,"27":0,"28":8,"29":1,"30":0,"31":1,"32":1,"33":1,"34":0,"35":0,"36":8,"37":0,"38":0,"39":0,"40":0,"41":0,"42":0,"43":0,"44":0,"45":0,"46":0,"47":0,"48":0,"49":8,"50":0,"51":0,"52":0,"53":0,"54":0,"55":0,"56":0,"57":0,"58":0,"59":0,"60":0,"61":0,"62":8,"63":0,"64":0,"65":0,"66":0,"67":0,"68":8,"69":0,"70":0,"71":0,"72":0,"73":8,"74":1,"75":7,"76":1,"77":6,"78":0,"79":1,"80":1,"81":0,"82":0,"83":0,"84":12,"85":0,"86":1,"87":1,"88":0,"89":0,"90":0,"91":0,"92":0,"93":0,"94":0},"f":{"0":8,"1":12,"2":1,"3":1,"4":0,"5":0,"6":0,"7":0,"8":0,"9":0,"10":0,"11":0,"12":1,"13":0,"14":12,"15":0,"16":1,"17":1,"18":0,"19":0,"20":0,"21":0,"22":0,"23":0,"24":0},"b":{"0":[1,7],"1":[8,2],"2":[1,7],"3":[8,2],"4":[12,0,0,0],"5":[1,0],"6":[0,1],"7":[0,0],"8":[0,0],"9":[0,0],"10":[0,0],"11":[0,0],"12":[0,0],"13":[0,0],"14":[0,0],"15":[1,7],"16":[1,6],"17":[6,0],"18":[0,0],"19":[8,0],"20":[0,6],"21":[12,0],"22":[12,0],"23":[12,0],"24":[8,0],"25":[0,0]},"meta":{"lastBranch":26,"lastFunction":25,"lastStatement":95,"seen":{"f:15:24:15:48":0,"s:16:22:16:Infinity":0,"s:17:17:17:Infinity":1,"s:18:46:18:Infinity":2,"s:19:38:19:Infinity":3,"s:20:36:20:Infinity":4,"s:23:8:30:Infinity":5,"b:29:38:29:99:29:99:29:Infinity":0,"s:32:16:32:Infinity":6,"s:33:17:33:Infinity":7,"s:34:15:34:Infinity":8,"s:35:16:35:Infinity":9,"b:35:16:35:33:35:33:35:Infinity":1,"s:36:20:36:Infinity":10,"s:37:16:37:Infinity":11,"b:37:33:37:47:37:47:37:Infinity":2,"s:39:8:39:Infinity":12,"s:40:8:40:Infinity":13,"s:41:8:41:Infinity":14,"s:43:19:43:Infinity":15,"b:43:19:43:27:43:27:43:Infinity":3,"s:44:21:44:Infinity":16,"s:47:27:54:Infinity":17,"f:47:43:47:44":1,"s:49:6:52:Infinity":18,"b:49:6:49:Infinity:50:6:50:Infinity:50:70:51:Infinity:52:6:52:Infinity":4,"s:53:4:53:Infinity":19,"s:56:47:61:Infinity":20,"s:63:47:68:Infinity":21,"s:70:29:84:Infinity":22,"f:70:29:70:36":2,"s:71:4:83:Infinity":23,"s:72:6:76:Infinity":24,"s:78:6:78:Infinity":25,"b:78:26:78:53:78:53:78:62":5,"s:81:6:81:Infinity":26,"s:82:6:82:Infinity":27,"s:86:30:103:Infinity":28,"f:86:30:86:37":3,"b:87:4:89:Infinity:undefined:undefined:undefined:undefined":6,"s:87:4:89:Infinity":29,"s:88:6:88:Infinity":30,"s:91:4:102:Infinity":31,"s:92:6:95:Infinity":32,"s:97:6:97:Infinity":33,"s:100:6:100:Infinity":34,"s:101:6:101:Infinity":35,"s:105:34:138:Infinity":36,"f:105:34:105:41":4,"b:106:4:106:Infinity:undefined:undefined:undefined:undefined":7,"s:106:4:106:Infinity":37,"s:106:37:106:Infinity":38,"b:107:4:109:Infinity:undefined:undefined:undefined:undefined":8,"s:107:4:109:Infinity":39,"b:107:63:107:87:107:87:107:93":9,"s:108:6:108:Infinity":40,"s:111:4:137:Infinity":41,"s:114:6:125:Infinity":42,"f:115:41:115:42":5,"s:116:10:123:Infinity":43,"s:127:6:127:Infinity":44,"b:127:54:127:78:127:78:127:84":10,"s:128:6:128:Infinity":45,"s:130:6:133:Infinity":46,"s:135:6:135:Infinity":47,"s:136:6:136:Infinity":48,"s:140:28:172:Infinity":49,"f:140:28:140:40":6,"b:141:4:141:Infinity:undefined:undefined:undefined:undefined":11,"s:141:4:141:Infinity":50,"s:141:37:141:Infinity":51,"b:142:4:144:Infinity:undefined:undefined:undefined:undefined":12,"s:142:4:144:Infinity":52,"s:143:6:143:Infinity":53,"s:146:4:171:Infinity":54,"s:149:6:159:Infinity":55,"f:150:41:150:42":7,"s:151:10:157:Infinity":56,"s:161:6:161:Infinity":57,"s:162:6:162:Infinity":58,"s:164:6:167:Infinity":59,"s:169:6:169:Infinity":60,"s:170:6:170:Infinity":61,"s:174:33:182:Infinity":62,"f:174:33:174:34":8,"s:175:24:175:Infinity":63,"b:176:4:180:Infinity:178:11:180:Infinity":13,"s:176:4:180:Infinity":64,"s:177:6:177:Infinity":65,"s:179:6:179:Infinity":66,"s:181:4:181:Infinity":67,"s:184:26:190:Infinity":68,"f:184:26:184:32":9,"b:185:4:189:Infinity:187:11:189:Infinity":14,"s:185:4:189:Infinity":69,"s:186:6:186:Infinity":70,"s:188:6:188:Infinity":71,"f:188:55:188:56":10,"s:188:62:188:74":72,"b:192:2:198:Infinity:undefined:undefined:undefined:undefined":15,"s:192:2:198:Infinity":73,"s:193:4:196:Infinity":74,"b:200:2:206:Infinity:undefined:undefined:undefined:undefined":16,"s:200:2:206:Infinity":75,"s:201:4:204:Infinity":76,"s:208:2:463:Infinity":77,"f:230:24:230:25":11,"s:230:31:230:Infinity":78,"f:240:24:240:25":12,"s:241:16:241:Infinity":79,"s:242:16:242:Infinity":80,"b:256:9:256:Infinity:257:10:284:Infinity":17,"f:263:26:263:27":13,"b:264:18:267:Infinity:undefined:undefined:undefined:undefined":18,"s:264:18:267:Infinity":81,"s:265:20:265:Infinity":82,"s:266:20:266:Infinity":83,"b:297:29:297:82:297:82:297:Infinity":19,"b:324:16:328:Infinity:330:16:393:Infinity":20,"f:330:37:330:38":14,"s:331:18:392:Infinity":84,"f:339:34:339:40":15,"s:339:40:339:Infinity":85,"b:350:25:350:45:350:45:350:Infinity":21,"b:361:26:361:58:361:58:361:Infinity":22,"b:364:25:364:57:364:57:364:Infinity":23,"f:374:36:374:37":16,"s:374:43:374:Infinity":86,"f:384:35:384:41":17,"s:384:41:384:Infinity":87,"b:400:9:400:Infinity:401:10:460:Infinity":24,"f:405:27:405:33":18,"s:405:33:405:Infinity":88,"f:412:27:412:33":19,"s:412:33:412:Infinity":89,"f:430:31:430:37":20,"s:430:37:430:Infinity":90,"f:436:56:436:57":21,"s:436:66:436:71":91,"f:436:77:436:78":22,"s:437:22:447:Infinity":92,"f:439:33:439:39":23,"s:439:39:439:Infinity":93,"b:442:30:442:Infinity:443:30:443:Infinity":25,"f:450:31:450:37":24,"s:450:37:450:Infinity":94}}}
,"/Users/sisyphus/zhengbi-yong.github.io/frontend/src/app/(admin)/admin/users-refine/page.tsx": {"path":"/Users/sisyphus/zhengbi-yong.github.io/frontend/src/app/(admin)/admin/users-refine/page.tsx","statementMap":{"0":{"start":{"line":13,"column":22},"end":{"line":13,"column":null}},"1":{"start":{"line":14,"column":19},"end":{"line":14,"column":null}},"2":{"start":{"line":15,"column":36},"end":{"line":15,"column":null}},"3":{"start":{"line":18,"column":8},"end":{"line":33,"column":null}},"4":{"start":{"line":35,"column":16},"end":{"line":35,"column":null}},"5":{"start":{"line":36,"column":17},"end":{"line":36,"column":null}},"6":{"start":{"line":37,"column":15},"end":{"line":37,"column":null}},"7":{"start":{"line":38,"column":20},"end":{"line":38,"column":null}},"8":{"start":{"line":39,"column":16},"end":{"line":39,"column":null}},"9":{"start":{"line":41,"column":8},"end":{"line":41,"column":null}},"10":{"start":{"line":42,"column":8},"end":{"line":42,"column":null}},"11":{"start":{"line":44,"column":16},"end":{"line":44,"column":null}},"12":{"start":{"line":45,"column":16},"end":{"line":45,"column":null}},"13":{"start":{"line":46,"column":21},"end":{"line":46,"column":null}},"14":{"start":{"line":48,"column":23},"end":{"line":60,"column":null}},"15":{"start":{"line":49,"column":4},"end":{"line":59,"column":null}},"16":{"start":{"line":50,"column":6},"end":{"line":58,"column":null}},"17":{"start":{"line":51,"column":8},"end":{"line":54,"column":null}},"18":{"start":{"line":56,"column":8},"end":{"line":56,"column":null}},"19":{"start":{"line":57,"column":8},"end":{"line":57,"column":null}},"20":{"start":{"line":62,"column":27},"end":{"line":75,"column":null}},"21":{"start":{"line":63,"column":4},"end":{"line":74,"column":null}},"22":{"start":{"line":64,"column":6},"end":{"line":70,"column":null}},"23":{"start":{"line":72,"column":6},"end":{"line":72,"column":null}},"24":{"start":{"line":73,"column":6},"end":{"line":73,"column":null}},"25":{"start":{"line":77,"column":2},"end":{"line":86,"column":null}},"26":{"start":{"line":78,"column":4},"end":{"line":84,"column":null}},"27":{"start":{"line":88,"column":2},"end":{"line":97,"column":null}},"28":{"start":{"line":89,"column":4},"end":{"line":95,"column":null}},"29":{"start":{"line":99,"column":2},"end":{"line":232,"column":null}},"30":{"start":{"line":116,"column":27},"end":{"line":116,"column":null}},"31":{"start":{"line":171,"column":18},"end":{"line":202,"column":null}},"32":{"start":{"line":184,"column":41},"end":{"line":184,"column":null}},"33":{"start":{"line":195,"column":39},"end":{"line":195,"column":null}},"34":{"start":{"line":213,"column":29},"end":{"line":213,"column":null}},"35":{"start":{"line":213,"column":44},"end":{"line":213,"column":62}},"36":{"start":{"line":223,"column":29},"end":{"line":223,"column":null}},"37":{"start":{"line":223,"column":44},"end":{"line":223,"column":71}}},"fnMap":{"0":{"name":"UsersRefinePage","decl":{"start":{"line":12,"column":24},"end":{"line":12,"column":42}},"loc":{"start":{"line":12,"column":42},"end":{"line":234,"column":null}},"line":12},"1":{"name":"(anonymous_1)","decl":{"start":{"line":48,"column":23},"end":{"line":48,"column":30}},"loc":{"start":{"line":48,"column":49},"end":{"line":60,"column":null}},"line":48},"2":{"name":"(anonymous_2)","decl":{"start":{"line":62,"column":27},"end":{"line":62,"column":34}},"loc":{"start":{"line":62,"column":70},"end":{"line":75,"column":null}},"line":62},"3":{"name":"(anonymous_3)","decl":{"start":{"line":116,"column":20},"end":{"line":116,"column":21}},"loc":{"start":{"line":116,"column":27},"end":{"line":116,"column":null}},"line":116},"4":{"name":"(anonymous_4)","decl":{"start":{"line":170,"column":26},"end":{"line":170,"column":27}},"loc":{"start":{"line":171,"column":18},"end":{"line":202,"column":null}},"line":171},"5":{"name":"(anonymous_5)","decl":{"start":{"line":184,"column":34},"end":{"line":184,"column":35}},"loc":{"start":{"line":184,"column":41},"end":{"line":184,"column":null}},"line":184},"6":{"name":"(anonymous_6)","decl":{"start":{"line":195,"column":33},"end":{"line":195,"column":39}},"loc":{"start":{"line":195,"column":39},"end":{"line":195,"column":null}},"line":195},"7":{"name":"(anonymous_7)","decl":{"start":{"line":213,"column":23},"end":{"line":213,"column":29}},"loc":{"start":{"line":213,"column":29},"end":{"line":213,"column":null}},"line":213},"8":{"name":"(anonymous_8)","decl":{"start":{"line":213,"column":37},"end":{"line":213,"column":38}},"loc":{"start":{"line":213,"column":44},"end":{"line":213,"column":62}},"line":213},"9":{"name":"(anonymous_9)","decl":{"start":{"line":223,"column":23},"end":{"line":223,"column":29}},"loc":{"start":{"line":223,"column":29},"end":{"line":223,"column":null}},"line":223},"10":{"name":"(anonymous_10)","decl":{"start":{"line":223,"column":37},"end":{"line":223,"column":38}},"loc":{"start":{"line":223,"column":44},"end":{"line":223,"column":71}},"line":223}},"branchMap":{"0":{"loc":{"start":{"line":24,"column":13},"end":{"line":32,"column":null}},"type":"cond-expr","locations":[{"start":{"line":25,"column":8},"end":{"line":31,"column":null}},{"start":{"line":32,"column":8},"end":{"line":32,"column":null}}],"line":24},"1":{"loc":{"start":{"line":39,"column":16},"end":{"line":39,"column":null}},"type":"cond-expr","locations":[{"start":{"line":39,"column":33},"end":{"line":39,"column":47}},{"start":{"line":39,"column":47},"end":{"line":39,"column":null}}],"line":39},"2":{"loc":{"start":{"line":44,"column":16},"end":{"line":44,"column":null}},"type":"binary-expr","locations":[{"start":{"line":44,"column":16},"end":{"line":44,"column":24}},{"start":{"line":44,"column":24},"end":{"line":44,"column":null}}],"line":44},"3":{"loc":{"start":{"line":45,"column":16},"end":{"line":45,"column":null}},"type":"binary-expr","locations":[{"start":{"line":45,"column":16},"end":{"line":45,"column":33}},{"start":{"line":45,"column":33},"end":{"line":45,"column":null}}],"line":45},"4":{"loc":{"start":{"line":49,"column":4},"end":{"line":59,"column":null}},"type":"if","locations":[{"start":{"line":49,"column":4},"end":{"line":59,"column":null}},{"start":{},"end":{}}],"line":49},"5":{"loc":{"start":{"line":77,"column":2},"end":{"line":86,"column":null}},"type":"if","locations":[{"start":{"line":77,"column":2},"end":{"line":86,"column":null}},{"start":{},"end":{}}],"line":77},"6":{"loc":{"start":{"line":88,"column":2},"end":{"line":97,"column":null}},"type":"if","locations":[{"start":{"line":88,"column":2},"end":{"line":97,"column":null}},{"start":{},"end":{}}],"line":88},"7":{"loc":{"start":{"line":93,"column":11},"end":{"line":93,"column":null}},"type":"cond-expr","locations":[{"start":{"line":93,"column":36},"end":{"line":93,"column":52}},{"start":{"line":93,"column":52},"end":{"line":93,"column":null}}],"line":93},"8":{"loc":{"start":{"line":163,"column":15},"end":{"line":203,"column":null}},"type":"cond-expr","locations":[{"start":{"line":164,"column":16},"end":{"line":168,"column":null}},{"start":{"line":170,"column":16},"end":{"line":203,"column":null}}],"line":163},"9":{"loc":{"start":{"line":183,"column":31},"end":{"line":183,"column":null}},"type":"binary-expr","locations":[{"start":{"line":183,"column":31},"end":{"line":183,"column":44}},{"start":{"line":183,"column":44},"end":{"line":183,"column":null}}],"line":183},"10":{"loc":{"start":{"line":210,"column":9},"end":{"line":229,"column":null}},"type":"binary-expr","locations":[{"start":{"line":210,"column":9},"end":{"line":210,"column":null}},{"start":{"line":211,"column":10},"end":{"line":229,"column":null}}],"line":210}},"s":{"0":9,"1":9,"2":9,"3":9,"4":9,"5":9,"6":9,"7":9,"8":9,"9":9,"10":9,"11":9,"12":9,"13":9,"14":9,"15":1,"16":1,"17":1,"18":0,"19":0,"20":9,"21":1,"22":1,"23":0,"24":0,"25":9,"26":1,"27":8,"28":1,"29":7,"30":1,"31":14,"32":1,"33":1,"34":0,"35":0,"36":0,"37":0},"f":{"0":9,"1":1,"2":1,"3":1,"4":14,"5":1,"6":1,"7":0,"8":0,"9":0,"10":0},"b":{"0":[1,8],"1":[1,8],"2":[9,2],"3":[9,2],"4":[1,0],"5":[1,8],"6":[1,7],"7":[1,0],"8":[0,7],"9":[14,0],"10":[9,1]},"meta":{"lastBranch":11,"lastFunction":11,"lastStatement":38,"seen":{"f:12:24:12:42":0,"s:13:22:13:Infinity":0,"s:14:19:14:Infinity":1,"s:15:36:15:Infinity":2,"s:18:8:33:Infinity":3,"b:25:8:31:Infinity:32:8:32:Infinity":0,"s:35:16:35:Infinity":4,"s:36:17:36:Infinity":5,"s:37:15:37:Infinity":6,"s:38:20:38:Infinity":7,"s:39:16:39:Infinity":8,"b:39:33:39:47:39:47:39:Infinity":1,"s:41:8:41:Infinity":9,"s:42:8:42:Infinity":10,"s:44:16:44:Infinity":11,"b:44:16:44:24:44:24:44:Infinity":2,"s:45:16:45:Infinity":12,"b:45:16:45:33:45:33:45:Infinity":3,"s:46:21:46:Infinity":13,"s:48:23:60:Infinity":14,"f:48:23:48:30":1,"b:49:4:59:Infinity:undefined:undefined:undefined:undefined":4,"s:49:4:59:Infinity":15,"s:50:6:58:Infinity":16,"s:51:8:54:Infinity":17,"s:56:8:56:Infinity":18,"s:57:8:57:Infinity":19,"s:62:27:75:Infinity":20,"f:62:27:62:34":2,"s:63:4:74:Infinity":21,"s:64:6:70:Infinity":22,"s:72:6:72:Infinity":23,"s:73:6:73:Infinity":24,"b:77:2:86:Infinity:undefined:undefined:undefined:undefined":5,"s:77:2:86:Infinity":25,"s:78:4:84:Infinity":26,"b:88:2:97:Infinity:undefined:undefined:undefined:undefined":6,"s:88:2:97:Infinity":27,"s:89:4:95:Infinity":28,"b:93:36:93:52:93:52:93:Infinity":7,"s:99:2:232:Infinity":29,"f:116:20:116:21":3,"s:116:27:116:Infinity":30,"b:164:16:168:Infinity:170:16:203:Infinity":8,"f:170:26:170:27":4,"s:171:18:202:Infinity":31,"b:183:31:183:44:183:44:183:Infinity":9,"f:184:34:184:35":5,"s:184:41:184:Infinity":32,"f:195:33:195:39":6,"s:195:39:195:Infinity":33,"b:210:9:210:Infinity:211:10:229:Infinity":10,"f:213:23:213:29":7,"s:213:29:213:Infinity":34,"f:213:37:213:38":8,"s:213:44:213:62":35,"f:223:23:223:29":9,"s:223:29:223:Infinity":36,"f:223:37:223:38":10,"s:223:44:223:71":37}}}
,"/Users/sisyphus/zhengbi-yong.github.io/frontend/src/components/admin/AdminStatsCard.tsx": {"path":"/Users/sisyphus/zhengbi-yong.github.io/frontend/src/components/admin/AdminStatsCard.tsx","statementMap":{"0":{"start":{"line":10,"column":21},"end":{"line":16,"column":null}},"1":{"start":{"line":18,"column":23},"end":{"line":24,"column":null}},"2":{"start":{"line":27,"column":2},"end":{"line":27,"column":null}},"3":{"start":{"line":28,"column":26},"end":{"line":28,"column":null}},"4":{"start":{"line":31,"column":2},"end":{"line":50,"column":null}}},"fnMap":{"0":{"name":"AdminStatsCard","decl":{"start":{"line":30,"column":24},"end":{"line":30,"column":39}},"loc":{"start":{"line":30,"column":91},"end":{"line":52,"column":null}},"line":30}},"branchMap":{},"s":{"0":1,"1":1,"2":1,"3":1,"4":12},"f":{"0":12},"b":{},"meta":{"lastBranch":0,"lastFunction":1,"lastStatement":5,"seen":{"s:10:21:16:Infinity":0,"s:18:23:24:Infinity":1,"s:27:2:27:Infinity":2,"s:28:26:28:Infinity":3,"f:30:24:30:39":0,"s:31:2:50:Infinity":4}}}
,"/Users/sisyphus/zhengbi-yong.github.io/frontend/src/lib/error-handler.ts": {"path":"/Users/sisyphus/zhengbi-yong.github.io/frontend/src/lib/error-handler.ts","statementMap":{"0":{"start":{"line":5,"column":7},"end":{"line":5,"column":null}},"1":{"start":{"line":6,"column":2},"end":{"line":6,"column":null}},"2":{"start":{"line":7,"column":2},"end":{"line":7,"column":null}},"3":{"start":{"line":8,"column":2},"end":{"line":8,"column":null}},"4":{"start":{"line":9,"column":2},"end":{"line":9,"column":null}},"5":{"start":{"line":10,"column":2},"end":{"line":10,"column":null}},"6":{"start":{"line":11,"column":2},"end":{"line":11,"column":null}},"7":{"start":{"line":12,"column":2},"end":{"line":12,"column":null}},"8":{"start":{"line":13,"column":2},"end":{"line":13,"column":null}},"9":{"start":{"line":5,"column":12},"end":{"line":5,"column":null}},"10":{"start":{"line":17,"column":7},"end":{"line":17,"column":null}},"11":{"start":{"line":18,"column":2},"end":{"line":18,"column":null}},"12":{"start":{"line":19,"column":2},"end":{"line":19,"column":null}},"13":{"start":{"line":20,"column":2},"end":{"line":20,"column":null}},"14":{"start":{"line":21,"column":2},"end":{"line":21,"column":null}},"15":{"start":{"line":17,"column":12},"end":{"line":17,"column":null}},"16":{"start":{"line":38,"column":4},"end":{"line":38,"column":null}},"17":{"start":{"line":39,"column":4},"end":{"line":39,"column":null}},"18":{"start":{"line":40,"column":4},"end":{"line":40,"column":null}},"19":{"start":{"line":41,"column":4},"end":{"line":41,"column":null}},"20":{"start":{"line":42,"column":4},"end":{"line":42,"column":null}},"21":{"start":{"line":43,"column":4},"end":{"line":43,"column":null}},"22":{"start":{"line":46,"column":4},"end":{"line":48,"column":null}},"23":{"start":{"line":47,"column":6},"end":{"line":47,"column":null}},"24":{"start":{"line":55,"column":4},"end":{"line":55,"column":null}},"25":{"start":{"line":56,"column":4},"end":{"line":56,"column":null}},"26":{"start":{"line":63,"column":4},"end":{"line":63,"column":null}},"27":{"start":{"line":64,"column":4},"end":{"line":64,"column":null}},"28":{"start":{"line":71,"column":4},"end":{"line":71,"column":null}},"29":{"start":{"line":72,"column":4},"end":{"line":72,"column":null}},"30":{"start":{"line":79,"column":4},"end":{"line":79,"column":null}},"31":{"start":{"line":80,"column":4},"end":{"line":80,"column":null}},"32":{"start":{"line":87,"column":4},"end":{"line":87,"column":null}},"33":{"start":{"line":88,"column":4},"end":{"line":88,"column":null}},"34":{"start":{"line":101,"column":42},"end":{"line":106,"column":null}},"35":{"start":{"line":110,"column":2},"end":{"line":110,"column":null}},"36":{"start":{"line":113,"column":4},"end":{"line":113,"column":null}},"37":{"start":{"line":119,"column":4},"end":{"line":125,"column":null}},"38":{"start":{"line":120,"column":6},"end":{"line":120,"column":null}},"39":{"start":{"line":123,"column":23},"end":{"line":123,"column":null}},"40":{"start":{"line":124,"column":6},"end":{"line":124,"column":null}},"41":{"start":{"line":130,"column":25},"end":{"line":130,"column":null}},"42":{"start":{"line":133,"column":4},"end":{"line":135,"column":null}},"43":{"start":{"line":134,"column":6},"end":{"line":134,"column":null}},"44":{"start":{"line":138,"column":4},"end":{"line":140,"column":null}},"45":{"start":{"line":139,"column":6},"end":{"line":139,"column":null}},"46":{"start":{"line":143,"column":4},"end":{"line":145,"column":null}},"47":{"start":{"line":144,"column":6},"end":{"line":144,"column":null}},"48":{"start":{"line":150,"column":22},"end":{"line":150,"column":null}},"49":{"start":{"line":151,"column":4},"end":{"line":155,"column":null}},"50":{"start":{"line":160,"column":4},"end":{"line":171,"column":null}},"51":{"start":{"line":162,"column":8},"end":{"line":162,"column":null}},"52":{"start":{"line":164,"column":8},"end":{"line":164,"column":null}},"53":{"start":{"line":166,"column":8},"end":{"line":166,"column":null}},"54":{"start":{"line":168,"column":8},"end":{"line":168,"column":null}},"55":{"start":{"line":170,"column":8},"end":{"line":170,"column":null}},"56":{"start":{"line":177,"column":4},"end":{"line":179,"column":null}},"57":{"start":{"line":178,"column":6},"end":{"line":178,"column":null}},"58":{"start":{"line":182,"column":27},"end":{"line":187,"column":null}},"59":{"start":{"line":189,"column":4},"end":{"line":189,"column":null}},"60":{"start":{"line":194,"column":39},"end":{"line":198,"column":null}},"61":{"start":{"line":200,"column":4},"end":{"line":207,"column":null}},"62":{"start":{"line":212,"column":4},"end":{"line":223,"column":null}},"63":{"start":{"line":214,"column":8},"end":{"line":214,"column":null}},"64":{"start":{"line":216,"column":8},"end":{"line":216,"column":null}},"65":{"start":{"line":218,"column":8},"end":{"line":218,"column":null}},"66":{"start":{"line":220,"column":8},"end":{"line":220,"column":null}},"67":{"start":{"line":222,"column":8},"end":{"line":222,"column":null}},"68":{"start":{"line":229,"column":4},"end":{"line":231,"column":null}},"69":{"start":{"line":230,"column":6},"end":{"line":230,"column":null}},"70":{"start":{"line":234,"column":4},"end":{"line":236,"column":null}},"71":{"start":{"line":235,"column":6},"end":{"line":235,"column":null}},"72":{"start":{"line":238,"column":4},"end":{"line":238,"column":null}},"73":{"start":{"line":244,"column":4},"end":{"line":258,"column":null}},"74":{"start":{"line":254,"column":6},"end":{"line":257,"column":null}},"75":{"start":{"line":261,"column":4},"end":{"line":261,"column":null}},"76":{"start":{"line":267,"column":4},"end":{"line":273,"column":null}},"77":{"start":{"line":269,"column":6},"end":{"line":272,"column":null}},"78":{"start":{"line":270,"column":8},"end":{"line":270,"column":null}},"79":{"start":{"line":270,"column":47},"end":{"line":270,"column":58}},"80":{"start":{"line":271,"column":8},"end":{"line":271,"column":null}},"81":{"start":{"line":278,"column":19},"end":{"line":287,"column":null}},"82":{"start":{"line":289,"column":4},"end":{"line":289,"column":null}},"83":{"start":{"line":298,"column":4},"end":{"line":303,"column":null}},"84":{"start":{"line":299,"column":6},"end":{"line":299,"column":null}},"85":{"start":{"line":301,"column":6},"end":{"line":301,"column":null}},"86":{"start":{"line":302,"column":6},"end":{"line":302,"column":null}},"87":{"start":{"line":311,"column":4},"end":{"line":318,"column":null}},"88":{"start":{"line":312,"column":6},"end":{"line":317,"column":null}},"89":{"start":{"line":313,"column":8},"end":{"line":313,"column":null}},"90":{"start":{"line":315,"column":8},"end":{"line":315,"column":null}},"91":{"start":{"line":316,"column":8},"end":{"line":316,"column":null}},"92":{"start":{"line":323,"column":28},"end":{"line":323,"column":null}},"93":{"start":{"line":326,"column":27},"end":{"line":327,"column":null}},"94":{"start":{"line":327,"column":2},"end":{"line":327,"column":null}},"95":{"start":{"line":329,"column":27},"end":{"line":330,"column":null}},"96":{"start":{"line":330,"column":2},"end":{"line":330,"column":null}},"97":{"start":{"line":332,"column":25},"end":{"line":335,"column":null}},"98":{"start":{"line":335,"column":5},"end":{"line":335,"column":null}},"99":{"start":{"line":338,"column":0},"end":{"line":352,"column":null}},"100":{"start":{"line":339,"column":2},"end":{"line":345,"column":null}},"101":{"start":{"line":340,"column":4},"end":{"line":344,"column":null}},"102":{"start":{"line":347,"column":2},"end":{"line":351,"column":null}},"103":{"start":{"line":348,"column":4},"end":{"line":350,"column":null}}},"fnMap":{"0":{"name":"(anonymous_0)","decl":{"start":{"line":5,"column":7},"end":{"line":5,"column":12}},"loc":{"start":{"line":5,"column":7},"end":{"line":5,"column":null}},"line":5},"1":{"name":"(anonymous_1)","decl":{"start":{"line":17,"column":7},"end":{"line":17,"column":12}},"loc":{"start":{"line":17,"column":7},"end":{"line":17,"column":null}},"line":17},"2":{"name":"(anonymous_2)","decl":{"start":{"line":31,"column":2},"end":{"line":31,"column":null}},"loc":{"start":{"line":37,"column":4},"end":{"line":49,"column":null}},"line":37},"3":{"name":"(anonymous_3)","decl":{"start":{"line":54,"column":2},"end":{"line":54,"column":14}},"loc":{"start":{"line":54,"column":83},"end":{"line":57,"column":null}},"line":54},"4":{"name":"(anonymous_4)","decl":{"start":{"line":62,"column":2},"end":{"line":62,"column":14}},"loc":{"start":{"line":62,"column":78},"end":{"line":65,"column":null}},"line":62},"5":{"name":"(anonymous_5)","decl":{"start":{"line":70,"column":2},"end":{"line":70,"column":14}},"loc":{"start":{"line":70,"column":59},"end":{"line":73,"column":null}},"line":70},"6":{"name":"(anonymous_6)","decl":{"start":{"line":78,"column":2},"end":{"line":78,"column":14}},"loc":{"start":{"line":78,"column":60},"end":{"line":81,"column":null}},"line":78},"7":{"name":"(anonymous_7)","decl":{"start":{"line":86,"column":2},"end":{"line":86,"column":14}},"loc":{"start":{"line":86,"column":54},"end":{"line":89,"column":null}},"line":86},"8":{"name":"(anonymous_8)","decl":{"start":{"line":112,"column":2},"end":{"line":112,"column":14}},"loc":{"start":{"line":112,"column":56},"end":{"line":114,"column":null}},"line":112},"9":{"name":"(anonymous_9)","decl":{"start":{"line":117,"column":9},"end":{"line":117,"column":16}},"loc":{"start":{"line":117,"column":78},"end":{"line":126,"column":null}},"line":117},"10":{"name":"(anonymous_10)","decl":{"start":{"line":129,"column":10},"end":{"line":129,"column":23}},"loc":{"start":{"line":129,"column":77},"end":{"line":146,"column":null}},"line":129},"11":{"name":"(anonymous_11)","decl":{"start":{"line":149,"column":10},"end":{"line":149,"column":23}},"loc":{"start":{"line":149,"column":77},"end":{"line":156,"column":null}},"line":149},"12":{"name":"(anonymous_12)","decl":{"start":{"line":159,"column":10},"end":{"line":159,"column":27}},"loc":{"start":{"line":159,"column":72},"end":{"line":172,"column":null}},"line":159},"13":{"name":"(anonymous_13)","decl":{"start":{"line":175,"column":10},"end":{"line":175,"column":31}},"loc":{"start":{"line":175,"column":57},"end":{"line":190,"column":null}},"line":175},"14":{"name":"(anonymous_14)","decl":{"start":{"line":193,"column":10},"end":{"line":193,"column":25}},"loc":{"start":{"line":193,"column":79},"end":{"line":208,"column":null}},"line":193},"15":{"name":"(anonymous_15)","decl":{"start":{"line":211,"column":10},"end":{"line":211,"column":25}},"loc":{"start":{"line":211,"column":72},"end":{"line":224,"column":null}},"line":211},"16":{"name":"(anonymous_16)","decl":{"start":{"line":227,"column":10},"end":{"line":227,"column":26}},"loc":{"start":{"line":227,"column":52},"end":{"line":239,"column":null}},"line":227},"17":{"name":"(anonymous_17)","decl":{"start":{"line":242,"column":10},"end":{"line":242,"column":25}},"loc":{"start":{"line":242,"column":48},"end":{"line":262,"column":null}},"line":242},"18":{"name":"(anonymous_18)","decl":{"start":{"line":244,"column":25},"end":{"line":244,"column":31}},"loc":{"start":{"line":244,"column":31},"end":{"line":258,"column":5}},"line":244},"19":{"name":"(anonymous_19)","decl":{"start":{"line":265,"column":10},"end":{"line":265,"column":36}},"loc":{"start":{"line":265,"column":36},"end":{"line":274,"column":null}},"line":265},"20":{"name":"(anonymous_20)","decl":{"start":{"line":269,"column":17},"end":{"line":269,"column":23}},"loc":{"start":{"line":269,"column":23},"end":{"line":272,"column":9}},"line":269},"21":{"name":"(anonymous_21)","decl":{"start":{"line":270,"column":32},"end":{"line":270,"column":33}},"loc":{"start":{"line":270,"column":47},"end":{"line":270,"column":58}},"line":270},"22":{"name":"(anonymous_22)","decl":{"start":{"line":277,"column":10},"end":{"line":277,"column":24}},"loc":{"start":{"line":277,"column":49},"end":{"line":290,"column":null}},"line":277},"23":{"name":"(anonymous_23)","decl":{"start":{"line":294,"column":15},"end":{"line":294,"column":null}},"loc":{"start":{"line":297,"column":23},"end":{"line":304,"column":null}},"line":297},"24":{"name":"(anonymous_24)","decl":{"start":{"line":307,"column":9},"end":{"line":307,"column":null}},"loc":{"start":{"line":310,"column":7},"end":{"line":319,"column":null}},"line":310},"25":{"name":"(anonymous_25)","decl":{"start":{"line":311,"column":12},"end":{"line":311,"column":22}},"loc":{"start":{"line":311,"column":46},"end":{"line":318,"column":null}},"line":311},"26":{"name":"(anonymous_26)","decl":{"start":{"line":326,"column":27},"end":{"line":326,"column":28}},"loc":{"start":{"line":327,"column":2},"end":{"line":327,"column":null}},"line":327},"27":{"name":"(anonymous_27)","decl":{"start":{"line":329,"column":27},"end":{"line":329,"column":31}},"loc":{"start":{"line":330,"column":2},"end":{"line":330,"column":null}},"line":330},"28":{"name":"(anonymous_28)","decl":{"start":{"line":332,"column":25},"end":{"line":332,"column":null}},"loc":{"start":{"line":335,"column":5},"end":{"line":335,"column":null}},"line":335},"29":{"name":"(anonymous_29)","decl":{"start":{"line":339,"column":35},"end":{"line":339,"column":36}},"loc":{"start":{"line":339,"column":46},"end":{"line":345,"column":3}},"line":339},"30":{"name":"(anonymous_30)","decl":{"start":{"line":347,"column":48},"end":{"line":347,"column":49}},"loc":{"start":{"line":347,"column":59},"end":{"line":351,"column":3}},"line":347}},"branchMap":{"0":{"loc":{"start":{"line":5,"column":12},"end":{"line":5,"column":null}},"type":"binary-expr","locations":[{"start":{"line":5,"column":12},"end":{"line":5,"column":null}},{"start":{"line":5,"column":12},"end":{"line":5,"column":null}}],"line":5},"1":{"loc":{"start":{"line":17,"column":12},"end":{"line":17,"column":null}},"type":"binary-expr","locations":[{"start":{"line":17,"column":12},"end":{"line":17,"column":null}},{"start":{"line":17,"column":12},"end":{"line":17,"column":null}}],"line":17},"2":{"loc":{"start":{"line":33,"column":4},"end":{"line":33,"column":null}},"type":"default-arg","locations":[{"start":{"line":33,"column":22},"end":{"line":33,"column":null}}],"line":33},"3":{"loc":{"start":{"line":34,"column":4},"end":{"line":34,"column":null}},"type":"default-arg","locations":[{"start":{"line":34,"column":30},"end":{"line":34,"column":null}}],"line":34},"4":{"loc":{"start":{"line":46,"column":4},"end":{"line":48,"column":null}},"type":"if","locations":[{"start":{"line":46,"column":4},"end":{"line":48,"column":null}},{"start":{},"end":{}}],"line":46},"5":{"loc":{"start":{"line":70,"column":14},"end":{"line":70,"column":59}},"type":"default-arg","locations":[{"start":{"line":70,"column":32},"end":{"line":70,"column":59}}],"line":70},"6":{"loc":{"start":{"line":78,"column":14},"end":{"line":78,"column":60}},"type":"default-arg","locations":[{"start":{"line":78,"column":32},"end":{"line":78,"column":60}}],"line":78},"7":{"loc":{"start":{"line":86,"column":14},"end":{"line":86,"column":54}},"type":"default-arg","locations":[{"start":{"line":86,"column":32},"end":{"line":86,"column":54}}],"line":86},"8":{"loc":{"start":{"line":112,"column":14},"end":{"line":112,"column":56}},"type":"default-arg","locations":[{"start":{"line":112,"column":52},"end":{"line":112,"column":56}}],"line":112},"9":{"loc":{"start":{"line":119,"column":4},"end":{"line":125,"column":null}},"type":"if","locations":[{"start":{"line":119,"column":4},"end":{"line":125,"column":null}},{"start":{"line":121,"column":11},"end":{"line":125,"column":null}}],"line":119},"10":{"loc":{"start":{"line":133,"column":4},"end":{"line":135,"column":null}},"type":"if","locations":[{"start":{"line":133,"column":4},"end":{"line":135,"column":null}},{"start":{},"end":{}}],"line":133},"11":{"loc":{"start":{"line":133,"column":8},"end":{"line":133,"column":80}},"type":"binary-expr","locations":[{"start":{"line":133,"column":8},"end":{"line":133,"column":37}},{"start":{"line":133,"column":37},"end":{"line":133,"column":80}}],"line":133},"12":{"loc":{"start":{"line":138,"column":4},"end":{"line":140,"column":null}},"type":"if","locations":[{"start":{"line":138,"column":4},"end":{"line":140,"column":null}},{"start":{},"end":{}}],"line":138},"13":{"loc":{"start":{"line":138,"column":8},"end":{"line":138,"column":70}},"type":"binary-expr","locations":[{"start":{"line":138,"column":8},"end":{"line":138,"column":36}},{"start":{"line":138,"column":36},"end":{"line":138,"column":70}}],"line":138},"14":{"loc":{"start":{"line":143,"column":4},"end":{"line":145,"column":null}},"type":"if","locations":[{"start":{"line":143,"column":4},"end":{"line":145,"column":null}},{"start":{},"end":{}}],"line":143},"15":{"loc":{"start":{"line":143,"column":8},"end":{"line":143,"column":64}},"type":"binary-expr","locations":[{"start":{"line":143,"column":8},"end":{"line":143,"column":35}},{"start":{"line":143,"column":35},"end":{"line":143,"column":64}}],"line":143},"16":{"loc":{"start":{"line":160,"column":4},"end":{"line":171,"column":null}},"type":"switch","locations":[{"start":{"line":161,"column":6},"end":{"line":162,"column":null}},{"start":{"line":163,"column":6},"end":{"line":164,"column":null}},{"start":{"line":165,"column":6},"end":{"line":166,"column":null}},{"start":{"line":167,"column":6},"end":{"line":168,"column":null}},{"start":{"line":169,"column":6},"end":{"line":170,"column":null}}],"line":160},"17":{"loc":{"start":{"line":177,"column":4},"end":{"line":179,"column":null}},"type":"if","locations":[{"start":{"line":177,"column":4},"end":{"line":179,"column":null}},{"start":{},"end":{}}],"line":177},"18":{"loc":{"start":{"line":177,"column":8},"end":{"line":177,"column":85}},"type":"binary-expr","locations":[{"start":{"line":177,"column":8},"end":{"line":177,"column":47}},{"start":{"line":177,"column":47},"end":{"line":177,"column":85}}],"line":177},"19":{"loc":{"start":{"line":212,"column":4},"end":{"line":223,"column":null}},"type":"switch","locations":[{"start":{"line":213,"column":6},"end":{"line":214,"column":null}},{"start":{"line":215,"column":6},"end":{"line":216,"column":null}},{"start":{"line":217,"column":6},"end":{"line":218,"column":null}},{"start":{"line":219,"column":6},"end":{"line":220,"column":null}},{"start":{"line":221,"column":6},"end":{"line":222,"column":null}}],"line":212},"20":{"loc":{"start":{"line":229,"column":4},"end":{"line":231,"column":null}},"type":"if","locations":[{"start":{"line":229,"column":4},"end":{"line":231,"column":null}},{"start":{},"end":{}}],"line":229},"21":{"loc":{"start":{"line":229,"column":8},"end":{"line":229,"column":76}},"type":"binary-expr","locations":[{"start":{"line":229,"column":8},"end":{"line":229,"column":43}},{"start":{"line":229,"column":43},"end":{"line":229,"column":76}}],"line":229},"22":{"loc":{"start":{"line":234,"column":4},"end":{"line":236,"column":null}},"type":"if","locations":[{"start":{"line":234,"column":4},"end":{"line":236,"column":null}},{"start":{},"end":{}}],"line":234},"23":{"loc":{"start":{"line":267,"column":4},"end":{"line":273,"column":null}},"type":"if","locations":[{"start":{"line":267,"column":4},"end":{"line":273,"column":null}},{"start":{},"end":{}}],"line":267},"24":{"loc":{"start":{"line":267,"column":8},"end":{"line":267,"column":69}},"type":"binary-expr","locations":[{"start":{"line":267,"column":8},"end":{"line":267,"column":41}},{"start":{"line":267,"column":41},"end":{"line":267,"column":69}}],"line":267},"25":{"loc":{"start":{"line":289,"column":11},"end":{"line":289,"column":null}},"type":"binary-expr","locations":[{"start":{"line":289,"column":11},"end":{"line":289,"column":33}},{"start":{"line":289,"column":33},"end":{"line":289,"column":null}}],"line":289},"26":{"loc":{"start":{"line":338,"column":0},"end":{"line":352,"column":null}},"type":"if","locations":[{"start":{"line":338,"column":0},"end":{"line":352,"column":null}},{"start":{},"end":{}}],"line":338},"27":{"loc":{"start":{"line":340,"column":16},"end":{"line":340,"column":57}},"type":"binary-expr","locations":[{"start":{"line":340,"column":16},"end":{"line":340,"column":31}},{"start":{"line":340,"column":31},"end":{"line":340,"column":57}}],"line":340}},"s":{"0":1,"1":1,"2":1,"3":1,"4":1,"5":1,"6":1,"7":1,"8":1,"9":1,"10":1,"11":1,"12":1,"13":1,"14":1,"15":1,"16":4,"17":4,"18":4,"19":4,"20":4,"21":4,"22":4,"23":4,"24":0,"25":0,"26":0,"27":0,"28":0,"29":0,"30":0,"31":0,"32":0,"33":0,"34":1,"35":1,"36":1,"37":0,"38":0,"39":0,"40":0,"41":0,"42":0,"43":0,"44":0,"45":0,"46":0,"47":0,"48":0,"49":0,"50":0,"51":0,"52":0,"53":0,"54":0,"55":0,"56":0,"57":0,"58":0,"59":0,"60":0,"61":0,"62":0,"63":0,"64":0,"65":0,"66":0,"67":0,"68":0,"69":0,"70":0,"71":0,"72":0,"73":0,"74":0,"75":0,"76":0,"77":0,"78":0,"79":0,"80":0,"81":0,"82":0,"83":0,"84":0,"85":0,"86":0,"87":0,"88":0,"89":0,"90":0,"91":0,"92":1,"93":1,"94":0,"95":1,"96":0,"97":1,"98":0,"99":1,"100":1,"101":0,"102":1,"103":0},"f":{"0":1,"1":1,"2":4,"3":0,"4":0,"5":0,"6":0,"7":0,"8":1,"9":0,"10":0,"11":0,"12":0,"13":0,"14":0,"15":0,"16":0,"17":0,"18":0,"19":0,"20":0,"21":0,"22":0,"23":0,"24":0,"25":0,"26":0,"27":0,"28":0,"29":0,"30":0},"b":{"0":[1,1],"1":[1,1],"2":[4],"3":[4],"4":[4,0],"5":[0],"6":[0],"7":[0],"8":[1],"9":[0,0],"10":[0,0],"11":[0,0],"12":[0,0],"13":[0,0],"14":[0,0],"15":[0,0],"16":[0,0,0,0,0],"17":[0,0],"18":[0,0],"19":[0,0,0,0,0],"20":[0,0],"21":[0,0],"22":[0,0],"23":[0,0],"24":[0,0],"25":[0,0],"26":[1,0],"27":[0,0]},"meta":{"lastBranch":28,"lastFunction":31,"lastStatement":104,"seen":{"s:5:7:5:Infinity":0,"f:5:7:5:12":0,"s:6:2:6:Infinity":1,"s:7:2:7:Infinity":2,"s:8:2:8:Infinity":3,"s:9:2:9:Infinity":4,"s:10:2:10:Infinity":5,"s:11:2:11:Infinity":6,"s:12:2:12:Infinity":7,"s:13:2:13:Infinity":8,"s:5:12:5:Infinity":9,"b:5:12:5:Infinity:5:12:5:Infinity":0,"s:17:7:17:Infinity":10,"f:17:7:17:12":1,"s:18:2:18:Infinity":11,"s:19:2:19:Infinity":12,"s:20:2:20:Infinity":13,"s:21:2:21:Infinity":14,"s:17:12:17:Infinity":15,"b:17:12:17:Infinity:17:12:17:Infinity":1,"f:31:2:31:Infinity":2,"b:33:22:33:Infinity":2,"b:34:30:34:Infinity":3,"s:38:4:38:Infinity":16,"s:39:4:39:Infinity":17,"s:40:4:40:Infinity":18,"s:41:4:41:Infinity":19,"s:42:4:42:Infinity":20,"s:43:4:43:Infinity":21,"b:46:4:48:Infinity:undefined:undefined:undefined:undefined":4,"s:46:4:48:Infinity":22,"s:47:6:47:Infinity":23,"f:54:2:54:14":3,"s:55:4:55:Infinity":24,"s:56:4:56:Infinity":25,"f:62:2:62:14":4,"s:63:4:63:Infinity":26,"s:64:4:64:Infinity":27,"f:70:2:70:14":5,"b:70:32:70:59":5,"s:71:4:71:Infinity":28,"s:72:4:72:Infinity":29,"f:78:2:78:14":6,"b:78:32:78:60":6,"s:79:4:79:Infinity":30,"s:80:4:80:Infinity":31,"f:86:2:86:14":7,"b:86:32:86:54":7,"s:87:4:87:Infinity":32,"s:88:4:88:Infinity":33,"s:101:42:106:Infinity":34,"f:112:2:112:14":8,"b:112:52:112:56":8,"s:110:2:110:Infinity":35,"s:113:4:113:Infinity":36,"f:117:9:117:16":9,"b:119:4:125:Infinity:121:11:125:Infinity":9,"s:119:4:125:Infinity":37,"s:120:6:120:Infinity":38,"s:123:23:123:Infinity":39,"s:124:6:124:Infinity":40,"f:129:10:129:23":10,"s:130:25:130:Infinity":41,"b:133:4:135:Infinity:undefined:undefined:undefined:undefined":10,"s:133:4:135:Infinity":42,"b:133:8:133:37:133:37:133:80":11,"s:134:6:134:Infinity":43,"b:138:4:140:Infinity:undefined:undefined:undefined:undefined":12,"s:138:4:140:Infinity":44,"b:138:8:138:36:138:36:138:70":13,"s:139:6:139:Infinity":45,"b:143:4:145:Infinity:undefined:undefined:undefined:undefined":14,"s:143:4:145:Infinity":46,"b:143:8:143:35:143:35:143:64":15,"s:144:6:144:Infinity":47,"f:149:10:149:23":11,"s:150:22:150:Infinity":48,"s:151:4:155:Infinity":49,"f:159:10:159:27":12,"b:161:6:162:Infinity:163:6:164:Infinity:165:6:166:Infinity:167:6:168:Infinity:169:6:170:Infinity":16,"s:160:4:171:Infinity":50,"s:162:8:162:Infinity":51,"s:164:8:164:Infinity":52,"s:166:8:166:Infinity":53,"s:168:8:168:Infinity":54,"s:170:8:170:Infinity":55,"f:175:10:175:31":13,"b:177:4:179:Infinity:undefined:undefined:undefined:undefined":17,"s:177:4:179:Infinity":56,"b:177:8:177:47:177:47:177:85":18,"s:178:6:178:Infinity":57,"s:182:27:187:Infinity":58,"s:189:4:189:Infinity":59,"f:193:10:193:25":14,"s:194:39:198:Infinity":60,"s:200:4:207:Infinity":61,"f:211:10:211:25":15,"b:213:6:214:Infinity:215:6:216:Infinity:217:6:218:Infinity:219:6:220:Infinity:221:6:222:Infinity":19,"s:212:4:223:Infinity":62,"s:214:8:214:Infinity":63,"s:216:8:216:Infinity":64,"s:218:8:218:Infinity":65,"s:220:8:220:Infinity":66,"s:222:8:222:Infinity":67,"f:227:10:227:26":16,"b:229:4:231:Infinity:undefined:undefined:undefined:undefined":20,"s:229:4:231:Infinity":68,"b:229:8:229:43:229:43:229:76":21,"s:230:6:230:Infinity":69,"b:234:4:236:Infinity:undefined:undefined:undefined:undefined":22,"s:234:4:236:Infinity":70,"s:235:6:235:Infinity":71,"s:238:4:238:Infinity":72,"f:242:10:242:25":17,"s:244:4:258:Infinity":73,"f:244:25:244:31":18,"s:254:6:257:Infinity":74,"s:261:4:261:Infinity":75,"f:265:10:265:36":19,"b:267:4:273:Infinity:undefined:undefined:undefined:undefined":23,"s:267:4:273:Infinity":76,"b:267:8:267:41:267:41:267:69":24,"s:269:6:272:Infinity":77,"f:269:17:269:23":20,"s:270:8:270:Infinity":78,"f:270:32:270:33":21,"s:270:47:270:58":79,"s:271:8:271:Infinity":80,"f:277:10:277:24":22,"s:278:19:287:Infinity":81,"s:289:4:289:Infinity":82,"b:289:11:289:33:289:33:289:Infinity":25,"f:294:15:294:Infinity":23,"s:298:4:303:Infinity":83,"s:299:6:299:Infinity":84,"s:301:6:301:Infinity":85,"s:302:6:302:Infinity":86,"f:307:9:307:Infinity":24,"s:311:4:318:Infinity":87,"f:311:12:311:22":25,"s:312:6:317:Infinity":88,"s:313:8:313:Infinity":89,"s:315:8:315:Infinity":90,"s:316:8:316:Infinity":91,"s:323:28:323:Infinity":92,"s:326:27:327:Infinity":93,"f:326:27:326:28":26,"s:327:2:327:Infinity":94,"s:329:27:330:Infinity":95,"f:329:27:329:31":27,"s:330:2:330:Infinity":96,"s:332:25:335:Infinity":97,"f:332:25:332:Infinity":28,"s:335:5:335:Infinity":98,"b:338:0:352:Infinity:undefined:undefined:undefined:undefined":26,"s:338:0:352:Infinity":99,"s:339:2:345:Infinity":100,"f:339:35:339:36":29,"s:340:4:344:Infinity":101,"b:340:16:340:31:340:31:340:57":27,"s:347:2:351:Infinity":102,"f:347:48:347:49":30,"s:348:4:350:Infinity":103}}}
,"/Users/sisyphus/zhengbi-yong.github.io/frontend/src/lib/security.ts": {"path":"/Users/sisyphus/zhengbi-yong.github.io/frontend/src/lib/security.ts","statementMap":{"0":{"start":{"line":4,"column":26},"end":{"line":44,"column":null}},"1":{"start":{"line":48,"column":17},"end":{"line":48,"column":null}},"2":{"start":{"line":49,"column":2},"end":{"line":51,"column":null}},"3":{"start":{"line":50,"column":35},"end":{"line":50,"column":70}},"4":{"start":{"line":58,"column":38},"end":{"line":65,"column":null}},"5":{"start":{"line":67,"column":2},"end":{"line":67,"column":null}},"6":{"start":{"line":67,"column":42},"end":{"line":67,"column":48}},"7":{"start":{"line":72,"column":2},"end":{"line":90,"column":null}},"8":{"start":{"line":73,"column":22},"end":{"line":73,"column":null}},"9":{"start":{"line":76,"column":4},"end":{"line":78,"column":null}},"10":{"start":{"line":77,"column":6},"end":{"line":77,"column":null}},"11":{"start":{"line":81,"column":4},"end":{"line":85,"column":null}},"12":{"start":{"line":82,"column":6},"end":{"line":84,"column":null}},"13":{"start":{"line":83,"column":8},"end":{"line":83,"column":null}},"14":{"start":{"line":87,"column":4},"end":{"line":87,"column":null}},"15":{"start":{"line":89,"column":4},"end":{"line":89,"column":null}},"16":{"start":{"line":103,"column":65},"end":{"line":103,"column":null}},"17":{"start":{"line":106,"column":2},"end":{"line":106,"column":null}},"18":{"start":{"line":106,"column":45},"end":{"line":106,"column":null}},"19":{"start":{"line":107,"column":2},"end":{"line":107,"column":null}},"20":{"start":{"line":107,"column":45},"end":{"line":107,"column":null}},"21":{"start":{"line":110,"column":2},"end":{"line":110,"column":null}},"22":{"start":{"line":110,"column":49},"end":{"line":110,"column":null}},"23":{"start":{"line":111,"column":2},"end":{"line":111,"column":null}},"24":{"start":{"line":111,"column":52},"end":{"line":111,"column":null}},"25":{"start":{"line":113,"column":2},"end":{"line":113,"column":null}},"26":{"start":{"line":122,"column":2},"end":{"line":122,"column":null}},"27":{"start":{"line":123,"column":2},"end":{"line":123,"column":null}},"28":{"start":{"line":127,"column":4},"end":{"line":127,"column":null}},"29":{"start":{"line":127,"column":41},"end":{"line":127,"column":null}},"30":{"start":{"line":129,"column":20},"end":{"line":129,"column":null}},"31":{"start":{"line":130,"column":4},"end":{"line":135,"column":null}},"32":{"start":{"line":131,"column":28},"end":{"line":131,"column":null}},"33":{"start":{"line":132,"column":6},"end":{"line":134,"column":null}},"34":{"start":{"line":133,"column":8},"end":{"line":133,"column":null}},"35":{"start":{"line":136,"column":4},"end":{"line":136,"column":null}},"36":{"start":{"line":141,"column":4},"end":{"line":141,"column":null}},"37":{"start":{"line":149,"column":18},"end":{"line":149,"column":null}},"38":{"start":{"line":150,"column":4},"end":{"line":154,"column":null}},"39":{"start":{"line":153,"column":6},"end":{"line":153,"column":null}},"40":{"start":{"line":155,"column":4},"end":{"line":157,"column":null}},"41":{"start":{"line":164,"column":4},"end":{"line":164,"column":null}},"42":{"start":{"line":170,"column":2},"end":{"line":170,"column":null}},"43":{"start":{"line":175,"column":4},"end":{"line":175,"column":null}},"44":{"start":{"line":176,"column":4},"end":{"line":176,"column":null}},"45":{"start":{"line":181,"column":16},"end":{"line":181,"column":null}},"46":{"start":{"line":183,"column":4},"end":{"line":183,"column":null}},"47":{"start":{"line":183,"column":51},"end":{"line":183,"column":77}},"48":{"start":{"line":185,"column":4},"end":{"line":187,"column":null}},"49":{"start":{"line":186,"column":6},"end":{"line":186,"column":null}},"50":{"start":{"line":189,"column":4},"end":{"line":189,"column":null}},"51":{"start":{"line":190,"column":4},"end":{"line":190,"column":null}},"52":{"start":{"line":195,"column":16},"end":{"line":195,"column":null}},"53":{"start":{"line":196,"column":4},"end":{"line":196,"column":null}},"54":{"start":{"line":196,"column":51},"end":{"line":196,"column":77}},"55":{"start":{"line":197,"column":4},"end":{"line":197,"column":null}},"56":{"start":{"line":202,"column":4},"end":{"line":202,"column":null}},"57":{"start":{"line":202,"column":36},"end":{"line":202,"column":null}},"58":{"start":{"line":203,"column":4},"end":{"line":203,"column":null}},"59":{"start":{"line":209,"column":2},"end":{"line":216,"column":null}},"60":{"start":{"line":211,"column":4},"end":{"line":214,"column":null}},"61":{"start":{"line":212,"column":23},"end":{"line":212,"column":null}},"62":{"start":{"line":213,"column":6},"end":{"line":213,"column":null}},"63":{"start":{"line":215,"column":4},"end":{"line":215,"column":null}},"64":{"start":{"line":221,"column":2},"end":{"line":225,"column":null}},"65":{"start":{"line":222,"column":4},"end":{"line":222,"column":null}},"66":{"start":{"line":224,"column":4},"end":{"line":224,"column":null}},"67":{"start":{"line":233,"column":29},"end":{"line":233,"column":null}},"68":{"start":{"line":234,"column":14},"end":{"line":234,"column":null}},"69":{"start":{"line":237,"column":2},"end":{"line":241,"column":null}},"70":{"start":{"line":238,"column":4},"end":{"line":238,"column":null}},"71":{"start":{"line":240,"column":4},"end":{"line":240,"column":null}},"72":{"start":{"line":244,"column":2},"end":{"line":248,"column":null}},"73":{"start":{"line":245,"column":4},"end":{"line":245,"column":null}},"74":{"start":{"line":247,"column":4},"end":{"line":247,"column":null}},"75":{"start":{"line":251,"column":2},"end":{"line":255,"column":null}},"76":{"start":{"line":252,"column":4},"end":{"line":252,"column":null}},"77":{"start":{"line":254,"column":4},"end":{"line":254,"column":null}},"78":{"start":{"line":258,"column":2},"end":{"line":262,"column":null}},"79":{"start":{"line":259,"column":4},"end":{"line":259,"column":null}},"80":{"start":{"line":261,"column":4},"end":{"line":261,"column":null}},"81":{"start":{"line":265,"column":2},"end":{"line":269,"column":null}},"82":{"start":{"line":266,"column":4},"end":{"line":266,"column":null}},"83":{"start":{"line":268,"column":4},"end":{"line":268,"column":null}},"84":{"start":{"line":272,"column":2},"end":{"line":274,"column":null}},"85":{"start":{"line":273,"column":4},"end":{"line":273,"column":null}},"86":{"start":{"line":276,"column":2},"end":{"line":276,"column":null}},"87":{"start":{"line":288,"column":17},"end":{"line":288,"column":null}},"88":{"start":{"line":290,"column":2},"end":{"line":292,"column":null}},"89":{"start":{"line":291,"column":4},"end":{"line":291,"column":null}},"90":{"start":{"line":294,"column":2},"end":{"line":296,"column":null}},"91":{"start":{"line":295,"column":4},"end":{"line":295,"column":null}},"92":{"start":{"line":298,"column":2},"end":{"line":300,"column":null}},"93":{"start":{"line":299,"column":4},"end":{"line":299,"column":null}},"94":{"start":{"line":302,"column":20},"end":{"line":302,"column":null}},"95":{"start":{"line":303,"column":2},"end":{"line":303,"column":null}},"96":{"start":{"line":308,"column":2},"end":{"line":308,"column":null}},"97":{"start":{"line":313,"column":2},"end":{"line":313,"column":null}},"98":{"start":{"line":318,"column":2},"end":{"line":327,"column":null}}},"fnMap":{"0":{"name":"generateCSP","decl":{"start":{"line":47,"column":16},"end":{"line":47,"column":28}},"loc":{"start":{"line":47,"column":94},"end":{"line":52,"column":null}},"line":47},"1":{"name":"(anonymous_1)","decl":{"start":{"line":50,"column":9},"end":{"line":50,"column":10}},"loc":{"start":{"line":50,"column":35},"end":{"line":50,"column":70}},"line":50},"2":{"name":"sanitizeHtml","decl":{"start":{"line":55,"column":16},"end":{"line":55,"column":29}},"loc":{"start":{"line":55,"column":51},"end":{"line":68,"column":null}},"line":55},"3":{"name":"(anonymous_3)","decl":{"start":{"line":67,"column":35},"end":{"line":67,"column":36}},"loc":{"start":{"line":67,"column":42},"end":{"line":67,"column":48}},"line":67},"4":{"name":"isValidUrl","decl":{"start":{"line":71,"column":16},"end":{"line":71,"column":27}},"loc":{"start":{"line":71,"column":76},"end":{"line":91,"column":null}},"line":71},"5":{"name":"(anonymous_5)","decl":{"start":{"line":82,"column":33},"end":{"line":82,"column":34}},"loc":{"start":{"line":82,"column":45},"end":{"line":84,"column":7}},"line":82},"6":{"name":"validateInput","decl":{"start":{"line":94,"column":16},"end":{"line":94,"column":null}},"loc":{"start":{"line":102,"column":11},"end":{"line":114,"column":null}},"line":102},"7":{"name":"(anonymous_7)","decl":{"start":{"line":126,"column":9},"end":{"line":126,"column":28}},"loc":{"start":{"line":126,"column":28},"end":{"line":137,"column":null}},"line":126},"8":{"name":"(anonymous_8)","decl":{"start":{"line":140,"column":9},"end":{"line":140,"column":33}},"loc":{"start":{"line":140,"column":33},"end":{"line":142,"column":null}},"line":140},"9":{"name":"(anonymous_9)","decl":{"start":{"line":148,"column":9},"end":{"line":148,"column":46}},"loc":{"start":{"line":148,"column":46},"end":{"line":158,"column":null}},"line":148},"10":{"name":"(anonymous_10)","decl":{"start":{"line":163,"column":9},"end":{"line":163,"column":31}},"loc":{"start":{"line":163,"column":31},"end":{"line":165,"column":null}},"line":163},"11":{"name":"(anonymous_11)","decl":{"start":{"line":174,"column":2},"end":{"line":174,"column":14}},"loc":{"start":{"line":174,"column":53},"end":{"line":177,"column":null}},"line":174},"12":{"name":"(anonymous_12)","decl":{"start":{"line":180,"column":2},"end":{"line":180,"column":23}},"loc":{"start":{"line":180,"column":23},"end":{"line":191,"column":null}},"line":180},"13":{"name":"(anonymous_13)","decl":{"start":{"line":183,"column":41},"end":{"line":183,"column":42}},"loc":{"start":{"line":183,"column":51},"end":{"line":183,"column":77}},"line":183},"14":{"name":"(anonymous_14)","decl":{"start":{"line":194,"column":2},"end":{"line":194,"column":33}},"loc":{"start":{"line":194,"column":33},"end":{"line":198,"column":null}},"line":194},"15":{"name":"(anonymous_15)","decl":{"start":{"line":196,"column":41},"end":{"line":196,"column":42}},"loc":{"start":{"line":196,"column":51},"end":{"line":196,"column":77}},"line":196},"16":{"name":"(anonymous_16)","decl":{"start":{"line":201,"column":2},"end":{"line":201,"column":25}},"loc":{"start":{"line":201,"column":25},"end":{"line":204,"column":null}},"line":201},"17":{"name":"validateContentType","decl":{"start":{"line":208,"column":16},"end":{"line":208,"column":36}},"loc":{"start":{"line":208,"column":90},"end":{"line":217,"column":null}},"line":208},"18":{"name":"(anonymous_18)","decl":{"start":{"line":209,"column":27},"end":{"line":209,"column":28}},"loc":{"start":{"line":209,"column":37},"end":{"line":216,"column":3}},"line":209},"19":{"name":"safeJsonParse","decl":{"start":{"line":220,"column":16},"end":{"line":220,"column":33}},"loc":{"start":{"line":220,"column":67},"end":{"line":226,"column":null}},"line":220},"20":{"name":"checkPasswordStrength","decl":{"start":{"line":229,"column":16},"end":{"line":229,"column":38}},"loc":{"start":{"line":232,"column":2},"end":{"line":277,"column":null}},"line":232},"21":{"name":"createSecureIframeUrl","decl":{"start":{"line":280,"column":16},"end":{"line":280,"column":null}},"loc":{"start":{"line":287,"column":10},"end":{"line":304,"column":null}},"line":287},"22":{"name":"preventClickjacking","decl":{"start":{"line":307,"column":16},"end":{"line":307,"column":46}},"loc":{"start":{"line":307,"column":46},"end":{"line":309,"column":null}},"line":307},"23":{"name":"getReferrerPolicy","decl":{"start":{"line":312,"column":16},"end":{"line":312,"column":44}},"loc":{"start":{"line":312,"column":44},"end":{"line":314,"column":null}},"line":312},"24":{"name":"getPermissionsPolicy","decl":{"start":{"line":317,"column":16},"end":{"line":317,"column":65}},"loc":{"start":{"line":317,"column":65},"end":{"line":328,"column":null}},"line":317}},"branchMap":{"0":{"loc":{"start":{"line":47,"column":28},"end":{"line":47,"column":94}},"type":"default-arg","locations":[{"start":{"line":47,"column":72},"end":{"line":47,"column":94}}],"line":47},"1":{"loc":{"start":{"line":76,"column":4},"end":{"line":78,"column":null}},"type":"if","locations":[{"start":{"line":76,"column":4},"end":{"line":78,"column":null}},{"start":{},"end":{}}],"line":76},"2":{"loc":{"start":{"line":81,"column":4},"end":{"line":85,"column":null}},"type":"if","locations":[{"start":{"line":81,"column":4},"end":{"line":85,"column":null}},{"start":{},"end":{}}],"line":81},"3":{"loc":{"start":{"line":81,"column":8},"end":{"line":81,"column":53}},"type":"binary-expr","locations":[{"start":{"line":81,"column":8},"end":{"line":81,"column":26}},{"start":{"line":81,"column":26},"end":{"line":81,"column":53}}],"line":81},"4":{"loc":{"start":{"line":83,"column":15},"end":{"line":83,"column":null}},"type":"binary-expr","locations":[{"start":{"line":83,"column":15},"end":{"line":83,"column":48}},{"start":{"line":83,"column":48},"end":{"line":83,"column":null}}],"line":83},"5":{"loc":{"start":{"line":106,"column":2},"end":{"line":106,"column":null}},"type":"if","locations":[{"start":{"line":106,"column":2},"end":{"line":106,"column":null}},{"start":{},"end":{}}],"line":106},"6":{"loc":{"start":{"line":106,"column":6},"end":{"line":106,"column":45}},"type":"binary-expr","locations":[{"start":{"line":106,"column":6},"end":{"line":106,"column":19}},{"start":{"line":106,"column":19},"end":{"line":106,"column":45}}],"line":106},"7":{"loc":{"start":{"line":107,"column":2},"end":{"line":107,"column":null}},"type":"if","locations":[{"start":{"line":107,"column":2},"end":{"line":107,"column":null}},{"start":{},"end":{}}],"line":107},"8":{"loc":{"start":{"line":107,"column":6},"end":{"line":107,"column":45}},"type":"binary-expr","locations":[{"start":{"line":107,"column":6},"end":{"line":107,"column":19}},{"start":{"line":107,"column":19},"end":{"line":107,"column":45}}],"line":107},"9":{"loc":{"start":{"line":110,"column":2},"end":{"line":110,"column":null}},"type":"if","locations":[{"start":{"line":110,"column":2},"end":{"line":110,"column":null}},{"start":{},"end":{}}],"line":110},"10":{"loc":{"start":{"line":110,"column":6},"end":{"line":110,"column":49}},"type":"binary-expr","locations":[{"start":{"line":110,"column":6},"end":{"line":110,"column":22}},{"start":{"line":110,"column":22},"end":{"line":110,"column":49}}],"line":110},"11":{"loc":{"start":{"line":111,"column":2},"end":{"line":111,"column":null}},"type":"if","locations":[{"start":{"line":111,"column":2},"end":{"line":111,"column":null}},{"start":{},"end":{}}],"line":111},"12":{"loc":{"start":{"line":111,"column":6},"end":{"line":111,"column":52}},"type":"binary-expr","locations":[{"start":{"line":111,"column":6},"end":{"line":111,"column":24}},{"start":{"line":111,"column":24},"end":{"line":111,"column":52}}],"line":111},"13":{"loc":{"start":{"line":127,"column":4},"end":{"line":127,"column":null}},"type":"if","locations":[{"start":{"line":127,"column":4},"end":{"line":127,"column":null}},{"start":{},"end":{}}],"line":127},"14":{"loc":{"start":{"line":132,"column":6},"end":{"line":134,"column":null}},"type":"if","locations":[{"start":{"line":132,"column":6},"end":{"line":134,"column":null}},{"start":{},"end":{}}],"line":132},"15":{"loc":{"start":{"line":150,"column":4},"end":{"line":154,"column":null}},"type":"if","locations":[{"start":{"line":150,"column":4},"end":{"line":154,"column":null}},{"start":{},"end":{}}],"line":150},"16":{"loc":{"start":{"line":185,"column":4},"end":{"line":187,"column":null}},"type":"if","locations":[{"start":{"line":185,"column":4},"end":{"line":187,"column":null}},{"start":{},"end":{}}],"line":185},"17":{"loc":{"start":{"line":202,"column":4},"end":{"line":202,"column":null}},"type":"if","locations":[{"start":{"line":202,"column":4},"end":{"line":202,"column":null}},{"start":{},"end":{}}],"line":202},"18":{"loc":{"start":{"line":211,"column":4},"end
[...]
f:32:2:32:Infinity":3,"s:38:4:38:Infinity":11,"b:40:4:42:Infinity:undefined:undefined:undefined:undefined":0,"s:40:4:42:Infinity":12,"s:41:6:41:Infinity":13,"s:44:4:46:Infinity":14,"f:50:2:50:14":4,"s:51:15:51:Infinity":15,"s:52:4:52:Infinity":16,"s:53:4:53:Infinity":17,"f:56:2:56:16":5,"s:57:4:57:Infinity":18,"s:58:4:58:Infinity":19,"f:61:2:61:13":6,"s:62:15:62:Infinity":20,"s:63:4:63:Infinity":21,"s:64:4:64:Infinity":22,"f:67:2:67:15":7,"s:68:4:68:Infinity":23,"s:69:4:69:Infinity":24,"f:73:2:73:22":8,"s:74:4:74:Infinity":25,"f:78:2:78:19":9,"s:79:4:79:Infinity":26,"f:83:2:83:18":10,"s:85:4:85:Infinity":27,"f:85:35:85:36":11,"s:85:43:85:67":28,"s:86:4:86:Infinity":29,"s:89:4:93:Infinity":30,"f:89:32:89:33":12,"s:90:6:92:Infinity":31,"f:90:24:90:25":13,"s:91:8:91:Infinity":32,"s:94:4:94:Infinity":33,"s:97:4:97:Infinity":34,"f:97:27:97:28":14,"s:97:35:97:52":35,"s:98:4:98:Infinity":36,"s:100:4:100:Infinity":37,"f:100:26:100:27":15,"s:100:34:100:50":38,"s:101:4:101:Infinity":39,"s:104:4:118:Infinity":40,"f:104:30:104:31":16,"b:105:6:117:Infinity:107:6:117:Infinity":1,"s:105:6:117:Infinity":41,"b:105:10:105:20:105:20:105:58":2,"s:106:8:106:Infinity":42,"b:107:6:117:Infinity:undefined:undefined:undefined:undefined":3,"s:107:6:117:Infinity":43,"b:107:17:107:27:107:27:107:44":4,"b:109:8:109:Infinity:undefined:undefined:undefined:undefined":5,"s:109:8:109:Infinity":44,"s:109:29:109:Infinity":45,"b:110:8:116:Infinity:undefined:undefined:undefined:undefined":6,"s:110:8:116:Infinity":46,"b:111:10:115:Infinity:113:17:115:Infinity":7,"s:111:10:115:Infinity":47,"s:112:12:112:Infinity":48,"f:112:36:112:37":17,"s:112:55:112:73":49,"s:114:12:114:Infinity":50,"s:119:4:119:Infinity":51,"s:122:4:122:Infinity":52,"f:122:27:122:28":18,"s:122:41:122:62":53,"s:123:4:123:Infinity":54,"f:127:2:127:13":19,"s:128:4:138:Infinity":55,"f:131:8:131:9":20,"s:131:22:131:Infinity":56,"f:143:16:143:37":21,"s:144:29:144:Infinity":57,"b:147:2:149:Infinity:undefined:undefined:undefined:undefined":8,"s:147:2:149:Infinity":58,"s:148:4:148:Infinity":59,"s:151:2:158:Infinity":60,"f:151:18:151:24":22,"s:152:4:157:Infinity":61,"f:152:11:152:17":23,"b:153:6:156:Infinity:undefined:undefined:undefined:undefined":9,"s:153:6:156:Infinity":62,"s:154:8:154:Infinity":63,"s:155:8:155:Infinity":64,"s:160:2:160:Infinity":65,"s:164:37:164:Infinity":66}}}
,"/Users/sisyphus/zhengbi-yong.github.io/frontend/src/lib/utils/cleanup.ts": {"path":"/Users/sisyphus/zhengbi-yong.github.io/frontend/src/lib/utils/cleanup.ts","statementMap":{"0":{"start":{"line":11,"column":45},"end":{"line":11,"column":null}},"1":{"start":{"line":14,"column":2},"end":{"line":21,"column":null}},"2":{"start":{"line":15,"column":30},"end":{"line":15,"column":null}},"3":{"start":{"line":16,"column":47},"end":{"line":16,"column":73}},"4":{"start":{"line":17,"column":35},"end":{"line":17,"column":60}},"5":{"start":{"line":18,"column":19},"end":{"line":18,"column":82}},"6":{"start":{"line":18,"column":58},"end":{"line":18,"column":80}},"7":{"start":{"line":19,"column":24},"end":{"line":19,"column":null}},"8":{"start":{"line":20,"column":19},"end":{"line":20,"column":59}},"9":{"start":{"line":25,"column":2},"end":{"line":30,"column":null}},"10":{"start":{"line":34,"column":2},"end":{"line":39,"column":null}},"11":{"start":{"line":43,"column":2},"end":{"line":50,"column":null}},"12":{"start":{"line":44,"column":4},"end":{"line":44,"column":null}},"13":{"start":{"line":44,"column":63},"end":{"line":44,"column":null}},"14":{"start":{"line":46,"column":4},"end":{"line":46,"column":null}},"15":{"start":{"line":46,"column":43},"end":{"line":46,"column":65}},"16":{"start":{"line":47,"column":4},"end":{"line":47,"column":null}},"17":{"start":{"line":54,"column":2},"end":{"line":60,"column":null}},"18":{"start":{"line":55,"column":4},"end":{"line":55,"column":null}},"19":{"start":{"line":55,"column":65},"end":{"line":55,"column":null}},"20":{"start":{"line":56,"column":4},"end":{"line":56,"column":null}},"21":{"start":{"line":56,"column":43},"end":{"line":56,"column":65}},"22":{"start":{"line":57,"column":4},"end":{"line":57,"column":null}},"23":{"start":{"line":68,"column":15},"end":{"line":68,"column":null}},"24":{"start":{"line":69,"column":2},"end":{"line":69,"column":null}},"25":{"start":{"line":70,"column":2},"end":{"line":74,"column":null}},"26":{"start":{"line":71,"column":4},"end":{"line":71,"column":null}},"27":{"start":{"line":73,"column":4},"end":{"line":73,"column":null}}},"fnMap":{"0":{"name":"makeMockStorage","decl":{"start":{"line":13,"column":9},"end":{"line":13,"column":27}},"loc":{"start":{"line":13,"column":27},"end":{"line":22,"column":null}},"line":13},"1":{"name":"(anonymous_1)","decl":{"start":{"line":15,"column":13},"end":{"line":15,"column":14}},"loc":{"start":{"line":15,"column":30},"end":{"line":15,"column":null}},"line":15},"2":{"name":"(anonymous_2)","decl":{"start":{"line":16,"column":13},"end":{"line":16,"column":14}},"loc":{"start":{"line":16,"column":45},"end":{"line":16,"column":null}},"line":16},"3":{"name":"(anonymous_3)","decl":{"start":{"line":17,"column":16},"end":{"line":17,"column":17}},"loc":{"start":{"line":17,"column":33},"end":{"line":17,"column":null}},"line":17},"4":{"name":"(anonymous_4)","decl":{"start":{"line":18,"column":11},"end":{"line":18,"column":17}},"loc":{"start":{"line":18,"column":17},"end":{"line":18,"column":null}},"line":18},"5":{"name":"(anonymous_5)","decl":{"start":{"line":18,"column":53},"end":{"line":18,"column":58}},"loc":{"start":{"line":18,"column":58},"end":{"line":18,"column":80}},"line":18},"6":{"name":"(anonymous_6)","decl":{"start":{"line":19,"column":9},"end":{"line":19,"column":10}},"loc":{"start":{"line":19,"column":24},"end":{"line":19,"column":null}},"line":19},"7":{"name":"(anonymous_7)","decl":{"start":{"line":20,"column":8},"end":{"line":20,"column":17}},"loc":{"start":{"line":20,"column":17},"end":{"line":20,"column":null}},"line":20},"8":{"name":"applyMock","decl":{"start":{"line":24,"column":9},"end":{"line":24,"column":19}},"loc":{"start":{"line":24,"column":61},"end":{"line":31,"column":null}},"line":24},"9":{"name":"applySessionMock","decl":{"start":{"line":33,"column":9},"end":{"line":33,"column":26}},"loc":{"start":{"line":33,"column":68},"end":{"line":40,"column":null}},"line":33},"10":{"name":"resetLocalStorage","decl":{"start":{"line":42,"column":16},"end":{"line":42,"column":42}},"loc":{"start":{"line":42,"column":42},"end":{"line":51,"column":null}},"line":42},"11":{"name":"(anonymous_11)","decl":{"start":{"line":46,"column":38},"end":{"line":46,"column":43}},"loc":{"start":{"line":46,"column":43},"end":{"line":46,"column":65}},"line":46},"12":{"name":"resetSessionStorage","decl":{"start":{"line":53,"column":16},"end":{"line":53,"column":44}},"loc":{"start":{"line":53,"column":44},"end":{"line":61,"column":null}},"line":53},"13":{"name":"(anonymous_13)","decl":{"start":{"line":56,"column":38},"end":{"line":56,"column":43}},"loc":{"start":{"line":56,"column":43},"end":{"line":56,"column":65}},"line":56},"14":{"name":"suppressConsoleErrors","decl":{"start":{"line":67,"column":16},"end":{"line":67,"column":41}},"loc":{"start":{"line":67,"column":57},"end":{"line":75,"column":null}},"line":67},"15":{"name":"(anonymous_15)","decl":{"start":{"line":69,"column":18},"end":{"line":69,"column":22}},"loc":{"start":{"line":69,"column":43},"end":{"line":69,"column":null}},"line":69}},"branchMap":{"0":{"loc":{"start":{"line":15,"column":30},"end":{"line":15,"column":null}},"type":"binary-expr","locations":[{"start":{"line":15,"column":30},"end":{"line":15,"column":51}},{"start":{"line":15,"column":51},"end":{"line":15,"column":null}}],"line":15},"1":{"loc":{"start":{"line":19,"column":24},"end":{"line":19,"column":null}},"type":"binary-expr","locations":[{"start":{"line":19,"column":24},"end":{"line":19,"column":56}},{"start":{"line":19,"column":56},"end":{"line":19,"column":null}}],"line":19},"2":{"loc":{"start":{"line":44,"column":4},"end":{"line":44,"column":null}},"type":"if","locations":[{"start":{"line":44,"column":4},"end":{"line":44,"column":null}},{"start":{},"end":{}}],"line":44},"3":{"loc":{"start":{"line":44,"column":8},"end":{"line":44,"column":63}},"type":"binary-expr","locations":[{"start":{"line":44,"column":8},"end":{"line":44,"column":41}},{"start":{"line":44,"column":41},"end":{"line":44,"column":63}}],"line":44},"4":{"loc":{"start":{"line":55,"column":4},"end":{"line":55,"column":null}},"type":"if","locations":[{"start":{"line":55,"column":4},"end":{"line":55,"column":null}},{"start":{},"end":{}}],"line":55},"5":{"loc":{"start":{"line":55,"column":8},"end":{"line":55,"column":65}},"type":"binary-expr","locations":[{"start":{"line":55,"column":8},"end":{"line":55,"column":41}},{"start":{"line":55,"column":41},"end":{"line":55,"column":65}}],"line":55}},"s":{"0":2,"1":35,"2":0,"3":0,"4":0,"5":0,"6":0,"7":0,"8":0,"9":35,"10":0,"11":35,"12":35,"13":0,"14":35,"15":0,"16":35,"17":0,"18":0,"19":0,"20":0,"21":0,"22":0,"23":0,"24":0,"25":0,"26":0,"27":0},"f":{"0":35,"1":0,"2":0,"3":0,"4":0,"5":0,"6":0,"7":0,"8":35,"9":0,"10":35,"11":0,"12":0,"13":0,"14":0,"15":0},"b":{"0":[0,0],"1":[0,0],"2":[0,35],"3":[35,35],"4":[0,0],"5":[0,0]},"meta":{"lastBranch":6,"lastFunction":16,"lastStatement":28,"seen":{"s:11:45:11:Infinity":0,"f:13:9:13:27":0,"s:14:2:21:Infinity":1,"f:15:13:15:14":1,"s:15:30:15:Infinity":2,"b:15:30:15:51:15:51:15:Infinity":0,"f:16:13:16:14":2,"s:16:47:16:73":3,"f:17:16:17:17":3,"s:17:35:17:60":4,"f:18:11:18:17":4,"s:18:19:18:82":5,"f:18:53:18:58":5,"s:18:58:18:80":6,"f:19:9:19:10":6,"s:19:24:19:Infinity":7,"b:19:24:19:56:19:56:19:Infinity":1,"f:20:8:20:17":7,"s:20:19:20:59":8,"f:24:9:24:19":8,"s:25:2:30:Infinity":9,"f:33:9:33:26":9,"s:34:2:39:Infinity":10,"f:42:16:42:42":10,"s:43:2:50:Infinity":11,"b:44:4:44:Infinity:undefined:undefined:undefined:undefined":2,"s:44:4:44:Infinity":12,"b:44:8:44:41:44:41:44:63":3,"s:44:63:44:Infinity":13,"s:46:4:46:Infinity":14,"f:46:38:46:43":11,"s:46:43:46:65":15,"s:47:4:47:Infinity":16,"f:53:16:53:44":12,"s:54:2:60:Infinity":17,"b:55:4:55:Infinity:undefined:undefined:undefined:undefined":4,"s:55:4:55:Infinity":18,"b:55:8:55:41:55:41:55:65":5,"s:55:65:55:Infinity":19,"s:56:4:56:Infinity":20,"f:56:38:56:43":13,"s:56:43:56:65":21,"s:57:4:57:Infinity":22,"f:67:16:67:41":14,"s:68:15:68:Infinity":23,"s:69:2:69:Infinity":24,"f:69:18:69:22":15,"s:70:2:74:Infinity":25,"s:71:4:71:Infinity":26,"s:73:4:73:Infinity":27}}}
,"/Users/sisyphus/zhengbi-yong.github.io/frontend/src/lib/utils/logger.ts": {"path":"/Users/sisyphus/zhengbi-yong.github.io/frontend/src/lib/utils/logger.ts","statementMap":{"0":{"start":{"line":35,"column":22},"end":{"line":35,"column":null}},"1":{"start":{"line":36,"column":24},"end":{"line":36,"column":null}},"2":{"start":{"line":38,"column":23},"end":{"line":131,"column":null}},"3":{"start":{"line":40,"column":4},"end":{"line":42,"column":null}},"4":{"start":{"line":41,"column":6},"end":{"line":41,"column":null}},"5":{"start":{"line":46,"column":4},"end":{"line":48,"column":null}},"6":{"start":{"line":47,"column":6},"end":{"line":47,"column":null}},"7":{"start":{"line":52,"column":4},"end":{"line":54,"column":null}},"8":{"start":{"line":53,"column":6},"end":{"line":53,"column":null}},"9":{"start":{"line":56,"column":4},"end":{"line":63,"column":null}},"10":{"start":{"line":57,"column":6},"end":{"line":62,"column":null}},"11":{"start":{"line":67,"column":4},"end":{"line":69,"column":null}},"12":{"start":{"line":68,"column":6},"end":{"line":68,"column":null}},"13":{"start":{"line":73,"column":4},"end":{"line":75,"column":null}},"14":{"start":{"line":74,"column":6},"end":{"line":74,"column":null}},"15":{"start":{"line":79,"column":4},"end":{"line":81,"column":null}},"16":{"start":{"line":80,"column":6},"end":{"line":80,"column":null}},"17":{"start":{"line":85,"column":4},"end":{"line":87,"column":null}},"18":{"start":{"line":86,"column":6},"end":{"line":86,"column":null}},"19":{"start":{"line":91,"column":21},"end":{"line":95,"column":null}},"20":{"start":{"line":97,"column":4},"end":{"line":99,"column":null}},"21":{"start":{"line":98,"column":6},"end":{"line":98,"column":null}},"22":{"start":{"line":101,"column":4},"end":{"line":108,"column":null}},"23":{"start":{"line":102,"column":6},"end":{"line":107,"column":null}},"24":{"start":{"line":112,"column":20},"end":{"line":116,"column":null}},"25":{"start":{"line":118,"column":4},"end":{"line":120,"column":null}},"26":{"start":{"line":119,"column":6},"end":{"line":119,"column":null}},"27":{"start":{"line":122,"column":4},"end":{"line":129,"column":null}},"28":{"start":{"line":123,"column":6},"end":{"line":128,"column":null}}},"fnMap":{"0":{"name":"(anonymous_0)","decl":{"start":{"line":39,"column":7},"end":{"line":39,"column":8}},"loc":{"start":{"line":39,"column":48},"end":{"line":43,"column":null}},"line":39},"1":{"name":"(anonymous_1)","decl":{"start":{"line":45,"column":8},"end":{"line":45,"column":9}},"loc":{"start":{"line":45,"column":49},"end":{"line":49,"column":null}},"line":45},"2":{"name":"(anonymous_2)","decl":{"start":{"line":51,"column":9},"end":{"line":51,"column":10}},"loc":{"start":{"line":51,"column":75},"end":{"line":64,"column":null}},"line":51},"3":{"name":"(anonymous_3)","decl":{"start":{"line":66,"column":9},"end":{"line":66,"column":10}},"loc":{"start":{"line":66,"column":50},"end":{"line":70,"column":null}},"line":66},"4":{"name":"(anonymous_4)","decl":{"start":{"line":72,"column":8},"end":{"line":72,"column":9}},"loc":{"start":{"line":72,"column":49},"end":{"line":76,"column":null}},"line":72},"5":{"name":"(anonymous_5)","decl":{"start":{"line":78,"column":9},"end":{"line":78,"column":10}},"loc":{"start":{"line":78,"column":28},"end":{"line":82,"column":null}},"line":78},"6":{"name":"(anonymous_6)","decl":{"start":{"line":84,"column":12},"end":{"line":84,"column":18}},"loc":{"start":{"line":84,"column":18},"end":{"line":88,"column":null}},"line":84},"7":{"name":"(anonymous_7)","decl":{"start":{"line":90,"column":9},"end":{"line":90,"column":10}},"loc":{"start":{"line":90,"column":63},"end":{"line":109,"column":null}},"line":90},"8":{"name":"(anonymous_8)","decl":{"start":{"line":111,"column":15},"end":{"line":111,"column":16}},"loc":{"start":{"line":111,"column":53},"end":{"line":130,"column":null}},"line":111}},"branchMap":{"0":{"loc":{"start":{"line":40,"column":4},"end":{"line":42,"column":null}},"type":"if","locations":[{"start":{"line":40,"column":4},"end":{"line":42,"column":null}},{"start":{},"end":{}}],"line":40},"1":{"loc":{"start":{"line":46,"column":4},"end":{"line":48,"column":null}},"type":"if","locations":[{"start":{"line":46,"column":4},"end":{"line":48,"column":null}},{"start":{},"end":{}}],"line":46},"2":{"loc":{"start":{"line":52,"column":4},"end":{"line":54,"column":null}},"type":"if","locations":[{"start":{"line":52,"column":4},"end":{"line":54,"column":null}},{"start":{},"end":{}}],"line":52},"3":{"loc":{"start":{"line":56,"column":4},"end":{"line":63,"column":null}},"type":"if","locations":[{"start":{"line":56,"column":4},"end":{"line":63,"column":null}},{"start":{},"end":{}}],"line":56},"4":{"loc":{"start":{"line":56,"column":8},"end":{"line":56,"column":43}},"type":"binary-expr","locations":[{"start":{"line":56,"column":8},"end":{"line":56,"column":26}},{"start":{"line":56,"column":26},"end":{"line":56,"column":43}}],"line":56},"5":{"loc":{"start":{"line":57,"column":30},"end":{"line":57,"column":89}},"type":"cond-expr","locations":[{"start":{"line":57,"column":55},"end":{"line":57,"column":63}},{"start":{"line":57,"column":63},"end":{"line":57,"column":89}}],"line":57},"6":{"loc":{"start":{"line":67,"column":4},"end":{"line":69,"column":null}},"type":"if","locations":[{"start":{"line":67,"column":4},"end":{"line":69,"column":null}},{"start":{},"end":{}}],"line":67},"7":{"loc":{"start":{"line":73,"column":4},"end":{"line":75,"column":null}},"type":"if","locations":[{"start":{"line":73,"column":4},"end":{"line":75,"column":null}},{"start":{},"end":{}}],"line":73},"8":{"loc":{"start":{"line":79,"column":4},"end":{"line":81,"column":null}},"type":"if","locations":[{"start":{"line":79,"column":4},"end":{"line":81,"column":null}},{"start":{},"end":{}}],"line":79},"9":{"loc":{"start":{"line":85,"column":4},"end":{"line":87,"column":null}},"type":"if","locations":[{"start":{"line":85,"column":4},"end":{"line":87,"column":null}},{"start":{},"end":{}}],"line":85},"10":{"loc":{"start":{"line":97,"column":4},"end":{"line":99,"column":null}},"type":"if","locations":[{"start":{"line":97,"column":4},"end":{"line":99,"column":null}},{"start":{},"end":{}}],"line":97},"11":{"loc":{"start":{"line":101,"column":4},"end":{"line":108,"column":null}},"type":"if","locations":[{"start":{"line":101,"column":4},"end":{"line":108,"column":null}},{"start":{},"end":{}}],"line":101},"12":{"loc":{"start":{"line":101,"column":8},"end":{"line":101,"column":43}},"type":"binary-expr","locations":[{"start":{"line":101,"column":8},"end":{"line":101,"column":26}},{"start":{"line":101,"column":26},"end":{"line":101,"column":43}}],"line":101},"13":{"loc":{"start":{"line":118,"column":4},"end":{"line":120,"column":null}},"type":"if","locations":[{"start":{"line":118,"column":4},"end":{"line":120,"column":null}},{"start":{},"end":{}}],"line":118},"14":{"loc":{"start":{"line":122,"column":4},"end":{"line":129,"column":null}},"type":"if","locations":[{"start":{"line":122,"column":4},"end":{"line":129,"column":null}},{"start":{},"end":{}}],"line":122},"15":{"loc":{"start":{"line":122,"column":8},"end":{"line":122,"column":43}},"type":"binary-expr","locations":[{"start":{"line":122,"column":8},"end":{"line":122,"column":26}},{"start":{"line":122,"column":26},"end":{"line":122,"column":43}}],"line":122}},"s":{"0":3,"1":3,"2":3,"3":0,"4":0,"5":0,"6":0,"7":0,"8":0,"9":0,"10":0,"11":0,"12":0,"13":0,"14":0,"15":0,"16":0,"17":0,"18":0,"19":0,"20":0,"21":0,"22":0,"23":0,"24":0,"25":0,"26":0,"27":0,"28":0},"f":{"0":0,"1":0,"2":0,"3":0,"4":0,"5":0,"6":0,"7":0,"8":0},"b":{"0":[0,0],"1":[0,0],"2":[0,0],"3":[0,0],"4":[0,0],"5":[0,0],"6":[0,0],"7":[0,0],"8":[0,0],"9":[0,0],"10":[0,0],"11":[0,0],"12":[0,0],"13":[0,0],"14":[0,0],"15":[0,0]},"meta":{"lastBranch":16,"lastFunction":9,"lastStatement":29,"seen":{"s:35:22:35:Infinity":0,"s:36:24:36:Infinity":1,"s:38:23:131:Infinity":2,"f:39:7:39:8":0,"b:40:4:42:Infinity:undefined:undefined:undefined:undefined":0,"s:40:4:42:Infinity":3,"s:41:6:41:Infinity":4,"f:45:8:45:9":1,"b:46:4:48:Infinity:undefined:undefined:undefined:undefined":1,"s:46:4:48:Infinity":5,"s:47:6:47:Infinity":6,"f:51:9:51:10":2,"b:52:4:54:Infinity:undefined:undefined:undefined:undefined":2,"s:52:4:54:Infinity":7,"s:53:6:53:Infinity":8,"b:56:4:63:Infinity:undefined:undefined:undefined:undefined":3,"s:56:4:63:Infinity":9,"b:56:8:56:26:56:26:56:43":4,"s:57:6:62:Infinity":10,"b:57:55:57:63:57:63:57:89":5,"f:66:9:66:10":3,"b:67:4:69:Infinity:undefined:undefined:undefined:undefined":6,"s:67:4:69:Infinity":11,"s:68:6:68:Infinity":12,"f:72:8:72:9":4,"b:73:4:75:Infinity:undefined:undefined:undefined:undefined":7,"s:73:4:75:Infinity":13,"s:74:6:74:Infinity":14,"f:78:9:78:10":5,"b:79:4:81:Infinity:undefined:undefined:undefined:undefined":8,"s:79:4:81:Infinity":15,"s:80:6:80:Infinity":16,"f:84:12:84:18":6,"b:85:4:87:Infinity:undefined:undefined:undefined:undefined":9,"s:85:4:87:Infinity":17,"s:86:6:86:Infinity":18,"f:90:9:90:10":7,"s:91:21:95:Infinity":19,"b:97:4:99:Infinity:undefined:undefined:undefined:undefined":10,"s:97:4:99:Infinity":20,"s:98:6:98:Infinity":21,"b:101:4:108:Infinity:undefined:undefined:undefined:undefined":11,"s:101:4:108:Infinity":22,"b:101:8:101:26:101:26:101:43":12,"s:102:6:107:Infinity":23,"f:111:15:111:16":8,"s:112:20:116:Infinity":24,"b:118:4:120:Infinity:undefined:undefined:undefined:undefined":13,"s:118:4:120:Infinity":25,"s:119:6:119:Infinity":26,"b:122:4:129:Infinity:undefined:undefined:undefined:undefined":14,"s:122:4:129:Infinity":27,"b:122:8:122:26:122:26:122:43":15,"s:123:6:128:Infinity":28}}}
}
